[Fri May 03 13:29:59.403132 2019] [mpm_winnt:notice] [pid 724:tid 556] AH00455: Apache/2.4.25 (Win32) PHP/7.1.1 configured -- resuming normal operations
[Fri May 03 13:29:59.404133 2019] [mpm_winnt:notice] [pid 724:tid 556] AH00456: Apache Lounge VC14 Server built: Dec 17 2016 10:42:52
[Fri May 03 13:29:59.404133 2019] [core:notice] [pid 724:tid 556] AH00094: Command line: 'C:\\Users\\MIS802\\Downloads\\UniServerZ\\core\\apache2\\bin\\httpd_z.exe -d C:/Users/MIS802/Downloads/UniServerZ/core/apache2 -f C:\\Users\\MIS802\\Downloads\\UniServerZ\\core\\apache2\\conf\\httpd.conf -d C:\\Users\\MIS802\\Downloads\\UniServerZ\\core\\apache2'
[Fri May 03 13:29:59.405134 2019] [mpm_winnt:notice] [pid 724:tid 556] AH00418: Parent: Created child process 9800
[Fri May 03 13:29:59.723926 2019] [mpm_winnt:notice] [pid 9800:tid 624] AH00354: Child: Starting 150 worker threads.
[Mon May 06 19:50:08.068602 2019] [core:warn] [pid 172:tid 156] AH00098: pid file F:/UniServerZ/core/apache2/logs/httpd.pid overwritten -- Unclean shutdown of previous Apache run?
[Mon May 06 19:50:08.380602 2019] [mpm_winnt:notice] [pid 172:tid 156] AH00455: Apache/2.4.25 (Win32) PHP/7.1.1 configured -- resuming normal operations
[Mon May 06 19:50:08.380602 2019] [mpm_winnt:notice] [pid 172:tid 156] AH00456: Apache Lounge VC14 Server built: Dec 17 2016 10:42:52
[Mon May 06 19:50:08.380602 2019] [core:notice] [pid 172:tid 156] AH00094: Command line: 'F:\\UniServerZ\\core\\apache2\\bin\\httpd_z.exe -d F:/UniServerZ/core/apache2 -f F:\\UniServerZ\\core\\apache2\\conf\\httpd.conf -d F:\\UniServerZ\\core\\apache2'
[Mon May 06 19:50:08.380602 2019] [mpm_winnt:notice] [pid 172:tid 156] AH00418: Parent: Created child process 3204
[Mon May 06 19:50:08.601002 2019] [mpm_winnt:notice] [pid 3204:tid 272] AH00354: Child: Starting 150 worker threads.
[Mon May 06 19:52:44.626802 2019] [php7:crit] [pid 3204:tid 1476] [client ::1:49571] PHP Parse error:  syntax error, unexpected ''\xe4\xbb\x8a\xe5\xa4\xa9\xe7\x9a\x84\xe5\xa4\xa9\xe6\xb0\xa3\xe5\xbe\x88\xe4\xb8\x8d\xe9\x8c\xaf<br>'' (T_CONSTANT_ENCAPSED_STRING) in F:\\UniServerZ\\www\\test.php on line 2
[Mon May 06 19:52:56.065802 2019] [php7:crit] [pid 3204:tid 1468] [client ::1:49574] PHP Parse error:  syntax error, unexpected ''\xe4\xbb\x8a\xe5\xa4\xa9\xe7\x9a\x84\xe5\xa4\xa9\xe6\xb0\xa3\xe5\xbe\x88\xe4\xb8\x8d\xe9\x8c\xaf<br>'' (T_CONSTANT_ENCAPSED_STRING) in F:\\UniServerZ\\www\\test.php on line 2
[Mon May 06 19:52:59.121802 2019] [php7:crit] [pid 3204:tid 1460] [client ::1:49575] PHP Parse error:  syntax error, unexpected ''\xe4\xbb\x8a\xe5\xa4\xa9\xe7\x9a\x84\xe5\xa4\xa9\xe6\xb0\xa3\xe5\xbe\x88\xe4\xb8\x8d\xe9\x8c\xaf<br>'' (T_CONSTANT_ENCAPSED_STRING) in F:\\UniServerZ\\www\\test.php on line 2
[Mon May 06 19:52:59.568802 2019] [php7:crit] [pid 3204:tid 1476] [client ::1:49576] PHP Parse error:  syntax error, unexpected ''\xe4\xbb\x8a\xe5\xa4\xa9\xe7\x9a\x84\xe5\xa4\xa9\xe6\xb0\xa3\xe5\xbe\x88\xe4\xb8\x8d\xe9\x8c\xaf<br>'' (T_CONSTANT_ENCAPSED_STRING) in F:\\UniServerZ\\www\\test.php on line 2
[Tue May 07 09:05:32.698600 2019] [core:warn] [pid 980:tid 156] AH00098: pid file F:/UniServerZ/core/apache2/logs/httpd.pid overwritten -- Unclean shutdown of previous Apache run?
[Tue May 07 09:05:32.798600 2019] [mpm_winnt:notice] [pid 980:tid 156] AH00455: Apache/2.4.25 (Win32) PHP/7.1.1 configured -- resuming normal operations
[Tue May 07 09:05:32.798600 2019] [mpm_winnt:notice] [pid 980:tid 156] AH00456: Apache Lounge VC14 Server built: Dec 17 2016 10:42:52
[Tue May 07 09:05:32.798600 2019] [core:notice] [pid 980:tid 156] AH00094: Command line: 'F:\\UniServerZ\\core\\apache2\\bin\\httpd_z.exe -d F:/UniServerZ/core/apache2 -f F:\\UniServerZ\\core\\apache2\\conf\\httpd.conf -d F:\\UniServerZ\\core\\apache2'
[Tue May 07 09:05:32.799600 2019] [mpm_winnt:notice] [pid 980:tid 156] AH00418: Parent: Created child process 892
[Tue May 07 09:05:33.023600 2019] [mpm_winnt:notice] [pid 892:tid 272] AH00354: Child: Starting 150 worker threads.
[Wed May 08 17:22:55.070606 2019] [core:warn] [pid 5788:tid 156] AH00098: pid file F:/UniServerZ/core/apache2/logs/httpd.pid overwritten -- Unclean shutdown of previous Apache run?
[Wed May 08 17:22:55.179806 2019] [mpm_winnt:notice] [pid 5788:tid 156] AH00455: Apache/2.4.25 (Win32) PHP/7.1.1 configured -- resuming normal operations
[Wed May 08 17:22:55.179806 2019] [mpm_winnt:notice] [pid 5788:tid 156] AH00456: Apache Lounge VC14 Server built: Dec 17 2016 10:42:52
[Wed May 08 17:22:55.179806 2019] [core:notice] [pid 5788:tid 156] AH00094: Command line: 'F:\\UniServerZ\\core\\apache2\\bin\\httpd_z.exe -d F:/UniServerZ/core/apache2 -f F:\\UniServerZ\\core\\apache2\\conf\\httpd.conf -d F:\\UniServerZ\\core\\apache2'
[Wed May 08 17:22:55.179806 2019] [mpm_winnt:notice] [pid 5788:tid 156] AH00418: Parent: Created child process 1056
[Wed May 08 17:22:55.400206 2019] [mpm_winnt:notice] [pid 1056:tid 272] AH00354: Child: Starting 150 worker threads.
[Wed May 08 17:23:26.744607 2019] [php7:error] [pid 1056:tid 1464] [client ::1:57072] script 'F:/UniServerZ/www/App/save.php' not found or unable to stat, referer: http://localhost/App/test.php
[Wed May 08 17:29:26.273408 2019] [php7:crit] [pid 1056:tid 1452] [client ::1:57139] PHP Parse error:  syntax error, unexpected '<' in F:\\UniServerZ\\www\\App\\save.php on line 5, referer: http://localhost/App/test.php
[Wed May 08 17:36:25.807410 2019] [php7:notice] [pid 1056:tid 1452] [client ::1:57233] PHP Notice:  Undefined index: TAG in F:\\UniServerZ\\www\\App\\save.php on line 6, referer: http://localhost/App/test.php
[Wed May 08 17:36:29.370810 2019] [php7:notice] [pid 1056:tid 1452] [client ::1:57233] PHP Notice:  Undefined index: TAG in F:\\UniServerZ\\www\\App\\save.php on line 6, referer: http://localhost/App/test.php
[Wed May 08 17:36:31.948810 2019] [php7:notice] [pid 1056:tid 1452] [client ::1:57233] PHP Notice:  Undefined index: TAG in F:\\UniServerZ\\www\\App\\save.php on line 6, referer: http://localhost/App/test.php
[Wed May 08 17:37:08.874410 2019] [php7:notice] [pid 1056:tid 1452] [client ::1:57247] PHP Notice:  Undefined index: tag in F:\\UniServerZ\\www\\App\\save.php on line 6, referer: http://localhost/App/test.php
[Wed May 08 17:37:12.945810 2019] [php7:notice] [pid 1056:tid 1452] [client ::1:57247] PHP Notice:  Undefined index: tag in F:\\UniServerZ\\www\\App\\save.php on line 6, referer: http://localhost/App/test.php
[Wed May 08 17:47:35.564712 2019] [php7:error] [pid 1056:tid 1452] [client ::1:57352] script 'F:/UniServerZ/www/App/new.php' not found or unable to stat
[Wed May 08 18:39:48.997019 2019] [php7:crit] [pid 1056:tid 1480] [client ::1:56420] PHP Parse error:  syntax error, unexpected '>' in F:\\UniServerZ\\www\\App\\new.php on line 49
[Wed May 08 18:40:08.202019 2019] [php7:crit] [pid 1056:tid 1480] [client ::1:56431] PHP Parse error:  syntax error, unexpected 'sumcarm' (T_STRING) in F:\\UniServerZ\\www\\App\\new.php on line 42
[Wed May 08 18:40:08.738419 2019] [php7:crit] [pid 1056:tid 1480] [client ::1:56442] PHP Parse error:  syntax error, unexpected 'sumcarm' (T_STRING) in F:\\UniServerZ\\www\\App\\new.php on line 42
[Wed May 08 18:40:38.844020 2019] [php7:crit] [pid 1056:tid 1480] [client ::1:56445] PHP Parse error:  syntax error, unexpected 'sumcarm' (T_STRING) in F:\\UniServerZ\\www\\App\\new.php on line 42
[Wed May 08 18:41:02.225420 2019] [php7:crit] [pid 1056:tid 1480] [client ::1:56453] PHP Parse error:  syntax error, unexpected 'Connection' (T_STRING) in F:\\UniServerZ\\www\\App\\new.php on line 45
[Wed May 08 18:41:18.848020 2019] [php7:crit] [pid 1056:tid 1480] [client ::1:56458] PHP Parse error:  syntax error, unexpected '>' in F:\\UniServerZ\\www\\App\\new.php on line 51
[Wed May 08 18:41:48.506720 2019] [php7:crit] [pid 1056:tid 1480] [client ::1:56478] PHP Parse error:  syntax error, unexpected '"' in F:\\UniServerZ\\www\\App\\new.php on line 47
[Wed May 08 18:41:49.126520 2019] [php7:crit] [pid 1056:tid 1480] [client ::1:56481] PHP Parse error:  syntax error, unexpected '"' in F:\\UniServerZ\\www\\App\\new.php on line 47
[Wed May 08 18:42:07.673920 2019] [php7:crit] [pid 1056:tid 1480] [client ::1:56489] PHP Parse error:  syntax error, unexpected 'echo' (T_ECHO), expecting ',' or ';' in F:\\UniServerZ\\www\\App\\new.php on line 55
[Wed May 08 18:42:08.136720 2019] [php7:crit] [pid 1056:tid 1480] [client ::1:56490] PHP Parse error:  syntax error, unexpected 'echo' (T_ECHO), expecting ',' or ';' in F:\\UniServerZ\\www\\App\\new.php on line 55
[Wed May 08 18:44:32.431920 2019] [php7:notice] [pid 1056:tid 1460] [client ::1:56536] PHP Notice:  Trying to get property of non-object in F:\\UniServerZ\\www\\App\\new.php on line 53
[Fri May 10 13:11:10.813910 2019] [core:warn] [pid 2044:tid 584] AH00098: pid file E:/UniServerZ/core/apache2/logs/httpd.pid overwritten -- Unclean shutdown of previous Apache run?
[Fri May 10 13:11:10.892036 2019] [mpm_winnt:notice] [pid 2044:tid 584] AH00455: Apache/2.4.25 (Win32) PHP/7.1.1 configured -- resuming normal operations
[Fri May 10 13:11:10.892036 2019] [mpm_winnt:notice] [pid 2044:tid 584] AH00456: Apache Lounge VC14 Server built: Dec 17 2016 10:42:52
[Fri May 10 13:11:10.892036 2019] [core:notice] [pid 2044:tid 584] AH00094: Command line: 'E:\\UniServerZ\\core\\apache2\\bin\\httpd_z.exe -d E:/UniServerZ/core/apache2 -f E:\\UniServerZ\\core\\apache2\\conf\\httpd.conf -d E:\\UniServerZ\\core\\apache2'
[Fri May 10 13:11:10.892036 2019] [mpm_winnt:notice] [pid 2044:tid 584] AH00418: Parent: Created child process 6564
[Fri May 10 13:11:11.215615 2019] [mpm_winnt:notice] [pid 6564:tid 620] AH00354: Child: Starting 150 worker threads.
[Tue May 14 14:16:07.278328 2019] [core:warn] [pid 13868:tid 676] AH00098: pid file E:/UniServerZ/core/apache2/logs/httpd.pid overwritten -- Unclean shutdown of previous Apache run?
[Tue May 14 14:16:07.810120 2019] [mpm_winnt:notice] [pid 13868:tid 676] AH00455: Apache/2.4.25 (Win32) PHP/7.1.1 configured -- resuming normal operations
[Tue May 14 14:16:07.810120 2019] [mpm_winnt:notice] [pid 13868:tid 676] AH00456: Apache Lounge VC14 Server built: Dec 17 2016 10:42:52
[Tue May 14 14:16:07.810120 2019] [core:notice] [pid 13868:tid 676] AH00094: Command line: 'E:\\UniServerZ\\core\\apache2\\bin\\httpd_z.exe -d E:/UniServerZ/core/apache2 -f E:\\UniServerZ\\core\\apache2\\conf\\httpd.conf -d E:\\UniServerZ\\core\\apache2'
[Tue May 14 14:16:07.841367 2019] [mpm_winnt:notice] [pid 13868:tid 676] AH00418: Parent: Created child process 17876
[Tue May 14 14:16:08.981952 2019] [mpm_winnt:notice] [pid 17876:tid 856] AH00354: Child: Starting 150 worker threads.
[Tue May 14 14:16:44.458143 2019] [php7:error] [pid 17876:tid 1880] [client ::1:53840] PHP Fatal error:  Uncaught PDOException: SQLSTATE[HY000] [2002] \xb5L\xaak\xb3s\xbdu\xa1A\xa6]\xac\xb0\xa5\xd8\xbc\xd0\xb9q\xb8\xa3\xa9\xda\xb5\xb4\xb3s\xbdu\xa1C\r\n in E:\\UniServerZ\\www\\oitusr\\php\\mysql.php:16\nStack trace:\n#0 E:\\UniServerZ\\www\\oitusr\\php\\mysql.php(16): PDO->__construct('mysql:host=loca...', 'root', 'oitmis123')\n#1 E:\\UniServerZ\\www\\oitusr\\php\\notice_data.php(116): db_link()\n#2 E:\\UniServerZ\\www\\oitusr\\php\\notice_data.php(21): get_class_data()\n#3 E:\\UniServerZ\\www\\oitusr\\php\\notice_data.php(7): main()\n#4 {main}\n  thrown in E:\\UniServerZ\\www\\oitusr\\php\\mysql.php on line 16, referer: http://localhost/oitusr/
[Tue May 14 14:16:44.458143 2019] [php7:error] [pid 17876:tid 1896] [client ::1:53835] PHP Fatal error:  Uncaught PDOException: SQLSTATE[HY000] [2002] \xb5L\xaak\xb3s\xbdu\xa1A\xa6]\xac\xb0\xa5\xd8\xbc\xd0\xb9q\xb8\xa3\xa9\xda\xb5\xb4\xb3s\xbdu\xa1C\r\n in E:\\UniServerZ\\www\\oitusr\\php\\mysql.php:16\nStack trace:\n#0 E:\\UniServerZ\\www\\oitusr\\php\\mysql.php(16): PDO->__construct('mysql:host=loca...', 'root', 'oitmis123')\n#1 E:\\UniServerZ\\www\\oitusr\\php\\user_data.php(79): db_link()\n#2 E:\\UniServerZ\\www\\oitusr\\php\\user_data.php(29): user_type()\n#3 E:\\UniServerZ\\www\\oitusr\\php\\user_data.php(3): main()\n#4 {main}\n  thrown in E:\\UniServerZ\\www\\oitusr\\php\\mysql.php on line 16, referer: http://localhost/oitusr/
[Tue May 14 14:16:44.458143 2019] [php7:error] [pid 17876:tid 1912] [client ::1:53838] PHP Fatal error:  Uncaught PDOException: SQLSTATE[HY000] [2002] \xb5L\xaak\xb3s\xbdu\xa1A\xa6]\xac\xb0\xa5\xd8\xbc\xd0\xb9q\xb8\xa3\xa9\xda\xb5\xb4\xb3s\xbdu\xa1C\r\n in E:\\UniServerZ\\www\\oitusr\\php\\mysql.php:16\nStack trace:\n#0 E:\\UniServerZ\\www\\oitusr\\php\\mysql.php(16): PDO->__construct('mysql:host=loca...', 'root', 'oitmis123')\n#1 E:\\UniServerZ\\www\\oitusr\\php\\notice_data.php(39): db_link()\n#2 E:\\UniServerZ\\www\\oitusr\\php\\notice_data.php(15): title_get()\n#3 E:\\UniServerZ\\www\\oitusr\\php\\notice_data.php(7): main()\n#4 {main}\n  thrown in E:\\UniServerZ\\www\\oitusr\\php\\mysql.php on line 16, referer: http://localhost/oitusr/
[Tue May 14 14:16:49.265279 2019] [php7:error] [pid 17876:tid 1904] [client ::1:53851] PHP Fatal error:  Uncaught PDOException: SQLSTATE[HY000] [2002] \xb5L\xaak\xb3s\xbdu\xa1A\xa6]\xac\xb0\xa5\xd8\xbc\xd0\xb9q\xb8\xa3\xa9\xda\xb5\xb4\xb3s\xbdu\xa1C\r\n in E:\\UniServerZ\\www\\oitusr\\php\\mysql.php:16\nStack trace:\n#0 E:\\UniServerZ\\www\\oitusr\\php\\mysql.php(16): PDO->__construct('mysql:host=loca...', 'root', 'oitmis123')\n#1 E:\\UniServerZ\\www\\oitusr\\php\\user_data.php(79): db_link()\n#2 E:\\UniServerZ\\www\\oitusr\\php\\user_data.php(29): user_type()\n#3 E:\\UniServerZ\\www\\oitusr\\php\\user_data.php(3): main()\n#4 {main}\n  thrown in E:\\UniServerZ\\www\\oitusr\\php\\mysql.php on line 16, referer: http://localhost/oitusr/index.html
[Tue May 14 14:16:49.281334 2019] [php7:error] [pid 17876:tid 1920] [client ::1:53853] PHP Fatal error:  Uncaught PDOException: SQLSTATE[HY000] [2002] \xb5L\xaak\xb3s\xbdu\xa1A\xa6]\xac\xb0\xa5\xd8\xbc\xd0\xb9q\xb8\xa3\xa9\xda\xb5\xb4\xb3s\xbdu\xa1C\r\n in E:\\UniServerZ\\www\\oitusr\\php\\mysql.php:16\nStack trace:\n#0 E:\\UniServerZ\\www\\oitusr\\php\\mysql.php(16): PDO->__construct('mysql:host=loca...', 'root', 'oitmis123')\n#1 E:\\UniServerZ\\www\\oitusr\\php\\notice_data.php(116): db_link()\n#2 E:\\UniServerZ\\www\\oitusr\\php\\notice_data.php(21): get_class_data()\n#3 E:\\UniServerZ\\www\\oitusr\\php\\notice_data.php(7): main()\n#4 {main}\n  thrown in E:\\UniServerZ\\www\\oitusr\\php\\mysql.php on line 16, referer: http://localhost/oitusr/index.html
[Tue May 14 14:16:49.282339 2019] [php7:error] [pid 17876:tid 1888] [client ::1:53852] PHP Fatal error:  Uncaught PDOException: SQLSTATE[HY000] [2002] \xb5L\xaak\xb3s\xbdu\xa1A\xa6]\xac\xb0\xa5\xd8\xbc\xd0\xb9q\xb8\xa3\xa9\xda\xb5\xb4\xb3s\xbdu\xa1C\r\n in E:\\UniServerZ\\www\\oitusr\\php\\mysql.php:16\nStack trace:\n#0 E:\\UniServerZ\\www\\oitusr\\php\\mysql.php(16): PDO->__construct('mysql:host=loca...', 'root', 'oitmis123')\n#1 E:\\UniServerZ\\www\\oitusr\\php\\notice_data.php(39): db_link()\n#2 E:\\UniServerZ\\www\\oitusr\\php\\notice_data.php(15): title_get()\n#3 E:\\UniServerZ\\www\\oitusr\\php\\notice_data.php(7): main()\n#4 {main}\n  thrown in E:\\UniServerZ\\www\\oitusr\\php\\mysql.php on line 16, referer: http://localhost/oitusr/index.html
[Tue May 14 14:16:54.957313 2019] [mpm_winnt:notice] [pid 13868:tid 676] AH00428: Parent: child process 17876 exited with status 3221226356 -- Restarting.
[Tue May 14 14:16:55.077146 2019] [mpm_winnt:notice] [pid 13868:tid 676] AH00455: Apache/2.4.25 (Win32) PHP/7.1.1 configured -- resuming normal operations
[Tue May 14 14:16:55.077146 2019] [mpm_winnt:notice] [pid 13868:tid 676] AH00456: Apache Lounge VC14 Server built: Dec 17 2016 10:42:52
[Tue May 14 14:16:55.077146 2019] [core:notice] [pid 13868:tid 676] AH00094: Command line: 'E:\\UniServerZ\\core\\apache2\\bin\\httpd_z.exe -d E:/UniServerZ/core/apache2 -f E:\\UniServerZ\\core\\apache2\\conf\\httpd.conf -d E:\\UniServerZ\\core\\apache2'
[Tue May 14 14:16:55.081145 2019] [mpm_winnt:notice] [pid 13868:tid 676] AH00418: Parent: Created child process 18128
[Tue May 14 14:16:56.359689 2019] [mpm_winnt:notice] [pid 18128:tid 668] AH00354: Child: Starting 150 worker threads.
[Tue May 14 14:16:58.419612 2019] [php7:error] [pid 18128:tid 1924] [client ::1:53888] PHP Fatal error:  Uncaught PDOException: SQLSTATE[HY000] [2002] \xb5L\xaak\xb3s\xbdu\xa1A\xa6]\xac\xb0\xa5\xd8\xbc\xd0\xb9q\xb8\xa3\xa9\xda\xb5\xb4\xb3s\xbdu\xa1C\r\n in E:\\UniServerZ\\www\\oitusr\\php\\mysql.php:16\nStack trace:\n#0 E:\\UniServerZ\\www\\oitusr\\php\\mysql.php(16): PDO->__construct('mysql:host=loca...', 'root', 'oitmis123')\n#1 E:\\UniServerZ\\www\\oitusr\\php\\user_data.php(79): db_link()\n#2 E:\\UniServerZ\\www\\oitusr\\php\\user_data.php(29): user_type()\n#3 E:\\UniServerZ\\www\\oitusr\\php\\user_data.php(3): main()\n#4 {main}\n  thrown in E:\\UniServerZ\\www\\oitusr\\php\\mysql.php on line 16, referer: http://localhost/oitusr/index.html
[Tue May 14 14:17:10.370377 2019] [php7:error] [pid 18128:tid 1924] [client ::1:53944] PHP Fatal error:  Uncaught PDOException: SQLSTATE[HY000] [2002] \xb5L\xaak\xb3s\xbdu\xa1A\xa6]\xac\xb0\xa5\xd8\xbc\xd0\xb9q\xb8\xa3\xa9\xda\xb5\xb4\xb3s\xbdu\xa1C\r\n in E:\\UniServerZ\\www\\oitusr\\php\\mysql.php:16\nStack trace:\n#0 E:\\UniServerZ\\www\\oitusr\\php\\mysql.php(16): PDO->__construct('mysql:host=loca...', 'root', 'oitmis123')\n#1 E:\\UniServerZ\\www\\oitusr\\php\\user_data.php(79): db_link()\n#2 E:\\UniServerZ\\www\\oitusr\\php\\user_data.php(29): user_type()\n#3 E:\\UniServerZ\\www\\oitusr\\php\\user_data.php(3): main()\n#4 {main}\n  thrown in E:\\UniServerZ\\www\\oitusr\\php\\mysql.php on line 16, referer: http://localhost/oitusr/index.html
[Tue May 14 14:17:10.383367 2019] [php7:error] [pid 18128:tid 1904] [client ::1:53947] PHP Fatal error:  Uncaught PDOException: SQLSTATE[HY000] [2002] \xb5L\xaak\xb3s\xbdu\xa1A\xa6]\xac\xb0\xa5\xd8\xbc\xd0\xb9q\xb8\xa3\xa9\xda\xb5\xb4\xb3s\xbdu\xa1C\r\n in E:\\UniServerZ\\www\\oitusr\\php\\mysql.php:16\nStack trace:\n#0 E:\\UniServerZ\\www\\oitusr\\php\\mysql.php(16): PDO->__construct('mysql:host=loca...', 'root', 'oitmis123')\n#1 E:\\UniServerZ\\www\\oitusr\\php\\notice_data.php(116): db_link()\n#2 E:\\UniServerZ\\www\\oitusr\\php\\notice_data.php(21): get_class_data()\n#3 E:\\UniServerZ\\www\\oitusr\\php\\notice_data.php(7): main()\n#4 {main}\n  thrown in E:\\UniServerZ\\www\\oitusr\\php\\mysql.php on line 16, referer: http://localhost/oitusr/index.html
[Tue May 14 14:17:10.384366 2019] [php7:error] [pid 18128:tid 1920] [client ::1:53945] PHP Fatal error:  Uncaught PDOException: SQLSTATE[HY000] [2002] \xb5L\xaak\xb3s\xbdu\xa1A\xa6]\xac\xb0\xa5\xd8\xbc\xd0\xb9q\xb8\xa3\xa9\xda\xb5\xb4\xb3s\xbdu\xa1C\r\n in E:\\UniServerZ\\www\\oitusr\\php\\mysql.php:16\nStack trace:\n#0 E:\\UniServerZ\\www\\oitusr\\php\\mysql.php(16): PDO->__construct('mysql:host=loca...', 'root', 'oitmis123')\n#1 E:\\UniServerZ\\www\\oitusr\\php\\notice_data.php(39): db_link()\n#2 E:\\UniServerZ\\www\\oitusr\\php\\notice_data.php(15): title_get()\n#3 E:\\UniServerZ\\www\\oitusr\\php\\notice_data.php(7): main()\n#4 {main}\n  thrown in E:\\UniServerZ\\www\\oitusr\\php\\mysql.php on line 16, referer: http://localhost/oitusr/index.html
[Tue May 14 14:17:12.335712 2019] [php7:error] [pid 18128:tid 1888] [client ::1:53956] PHP Fatal error:  Uncaught PDOException: SQLSTATE[HY000] [2002] \xb5L\xaak\xb3s\xbdu\xa1A\xa6]\xac\xb0\xa5\xd8\xbc\xd0\xb9q\xb8\xa3\xa9\xda\xb5\xb4\xb3s\xbdu\xa1C\r\n in E:\\UniServerZ\\www\\oitusr\\php\\mysql.php:16\nStack trace:\n#0 E:\\UniServerZ\\www\\oitusr\\php\\mysql.php(16): PDO->__construct('mysql:host=loca...', 'root', 'oitmis123')\n#1 E:\\UniServerZ\\www\\oitusr\\php\\notice_data.php(39): db_link()\n#2 E:\\UniServerZ\\www\\oitusr\\php\\notice_data.php(15): title_get()\n#3 E:\\UniServerZ\\www\\oitusr\\php\\notice_data.php(7): main()\n#4 {main}\n  thrown in E:\\UniServerZ\\www\\oitusr\\php\\mysql.php on line 16, referer: http://localhost/oitusr/index.html
[Tue May 14 14:17:12.351347 2019] [php7:error] [pid 18128:tid 1880] [client ::1:53957] PHP Fatal error:  Uncaught PDOException: SQLSTATE[HY000] [2002] \xb5L\xaak\xb3s\xbdu\xa1A\xa6]\xac\xb0\xa5\xd8\xbc\xd0\xb9q\xb8\xa3\xa9\xda\xb5\xb4\xb3s\xbdu\xa1C\r\n in E:\\UniServerZ\\www\\oitusr\\php\\mysql.php:16\nStack trace:\n#0 E:\\UniServerZ\\www\\oitusr\\php\\mysql.php(16): PDO->__construct('mysql:host=loca...', 'root', 'oitmis123')\n#1 E:\\UniServerZ\\www\\oitusr\\php\\notice_data.php(116): db_link()\n#2 E:\\UniServerZ\\www\\oitusr\\php\\notice_data.php(21): get_class_data()\n#3 E:\\UniServerZ\\www\\oitusr\\php\\notice_data.php(7): main()\n#4 {main}\n  thrown in E:\\UniServerZ\\www\\oitusr\\php\\mysql.php on line 16, referer: http://localhost/oitusr/index.html
[Tue May 14 14:17:12.398210 2019] [php7:error] [pid 18128:tid 1896] [client ::1:53955] PHP Fatal error:  Uncaught PDOException: SQLSTATE[HY000] [2002] \xb5L\xaak\xb3s\xbdu\xa1A\xa6]\xac\xb0\xa5\xd8\xbc\xd0\xb9q\xb8\xa3\xa9\xda\xb5\xb4\xb3s\xbdu\xa1C\r\n in E:\\UniServerZ\\www\\oitusr\\php\\mysql.php:16\nStack trace:\n#0 E:\\UniServerZ\\www\\oitusr\\php\\mysql.php(16): PDO->__construct('mysql:host=loca...', 'root', 'oitmis123')\n#1 E:\\UniServerZ\\www\\oitusr\\php\\user_data.php(79): db_link()\n#2 E:\\UniServerZ\\www\\oitusr\\php\\user_data.php(29): user_type()\n#3 E:\\UniServerZ\\www\\oitusr\\php\\user_data.php(3): main()\n#4 {main}\n  thrown in E:\\UniServerZ\\www\\oitusr\\php\\mysql.php on line 16, referer: http://localhost/oitusr/index.html
[Tue May 14 14:37:36.400835 2019] [authz_core:error] [pid 18128:tid 1920] [client ::1:55193] AH01630: client denied by server configuration: E:/UniServerZ/home/us_opt2, referer: http://localhost/
[Tue May 14 14:37:56.711172 2019] [authz_core:error] [pid 18128:tid 1896] [client ::1:55214] AH01630: client denied by server configuration: E:/UniServerZ/home/us_opt2, referer: http://localhost/
[Tue May 14 14:37:57.132334 2019] [authz_core:error] [pid 18128:tid 1896] [client ::1:55214] AH01630: client denied by server configuration: E:/UniServerZ/home/us_opt2, referer: http://localhost/
[Tue May 14 14:38:00.576498 2019] [authz_core:error] [pid 18128:tid 1896] [client ::1:55214] AH01630: client denied by server configuration: E:/UniServerZ/home/us_opt2, referer: http://localhost/
[Tue May 14 14:38:23.357214 2019] [core:warn] [pid 15028:tid 684] AH00098: pid file E:/UniServerZ/core/apache2/logs/httpd.pid overwritten -- Unclean shutdown of previous Apache run?
[Tue May 14 14:38:23.384199 2019] [mpm_winnt:notice] [pid 15028:tid 684] AH00455: Apache/2.4.25 (Win32) PHP/7.1.1 configured -- resuming normal operations
[Tue May 14 14:38:23.384199 2019] [mpm_winnt:notice] [pid 15028:tid 684] AH00456: Apache Lounge VC14 Server built: Dec 17 2016 10:42:52
[Tue May 14 14:38:23.384199 2019] [core:notice] [pid 15028:tid 684] AH00094: Command line: 'E:\\UniServerZ\\core\\apache2\\bin\\httpd_z.exe -d E:/UniServerZ/core/apache2 -f E:\\UniServerZ\\core\\apache2\\conf\\httpd.conf -d E:\\UniServerZ\\core\\apache2'
[Tue May 14 14:38:23.389196 2019] [mpm_winnt:notice] [pid 15028:tid 684] AH00418: Parent: Created child process 13712
[Tue May 14 14:38:24.554788 2019] [mpm_winnt:notice] [pid 13712:tid 692] AH00354: Child: Starting 150 worker threads.
[Tue May 14 14:38:37.606316 2019] [php7:error] [pid 13712:tid 1888] [client ::1:55305] PHP Fatal error:  Uncaught PDOException: SQLSTATE[HY000] [1045] Access denied for user 'root'@'localhost' (using password: YES) in E:\\UniServerZ\\www\\oitusr\\php\\mysql.php:16\nStack trace:\n#0 E:\\UniServerZ\\www\\oitusr\\php\\mysql.php(16): PDO->__construct('mysql:host=loca...', 'root', 'oitmis123')\n#1 E:\\UniServerZ\\www\\oitusr\\php\\notice_data.php(39): db_link()\n#2 E:\\UniServerZ\\www\\oitusr\\php\\notice_data.php(15): title_get()\n#3 E:\\UniServerZ\\www\\oitusr\\php\\notice_data.php(7): main()\n#4 {main}\n  thrown in E:\\UniServerZ\\www\\oitusr\\php\\mysql.php on line 16, referer: http://localhost/oitusr/
[Tue May 14 14:38:37.606316 2019] [php7:error] [pid 13712:tid 1904] [client ::1:55291] PHP Fatal error:  Uncaught PDOException: SQLSTATE[HY000] [1045] Access denied for user 'root'@'localhost' (using password: YES) in E:\\UniServerZ\\www\\oitusr\\php\\mysql.php:16\nStack trace:\n#0 E:\\UniServerZ\\www\\oitusr\\php\\mysql.php(16): PDO->__construct('mysql:host=loca...', 'root', 'oitmis123')\n#1 E:\\UniServerZ\\www\\oitusr\\php\\user_data.php(79): db_link()\n#2 E:\\UniServerZ\\www\\oitusr\\php\\user_data.php(29): user_type()\n#3 E:\\UniServerZ\\www\\oitusr\\php\\user_data.php(3): main()\n#4 {main}\n  thrown in E:\\UniServerZ\\www\\oitusr\\php\\mysql.php on line 16, referer: http://localhost/oitusr/
[Tue May 14 14:38:37.606316 2019] [php7:error] [pid 13712:tid 1872] [client ::1:55307] PHP Fatal error:  Uncaught PDOException: SQLSTATE[HY000] [1045] Access denied for user 'root'@'localhost' (using password: YES) in E:\\UniServerZ\\www\\oitusr\\php\\mysql.php:16\nStack trace:\n#0 E:\\UniServerZ\\www\\oitusr\\php\\mysql.php(16): PDO->__construct('mysql:host=loca...', 'root', 'oitmis123')\n#1 E:\\UniServerZ\\www\\oitusr\\php\\notice_data.php(116): db_link()\n#2 E:\\UniServerZ\\www\\oitusr\\php\\notice_data.php(21): get_class_data()\n#3 E:\\UniServerZ\\www\\oitusr\\php\\notice_data.php(7): main()\n#4 {main}\n  thrown in E:\\UniServerZ\\www\\oitusr\\php\\mysql.php on line 16, referer: http://localhost/oitusr/
[Tue May 14 14:38:42.197497 2019] [php7:error] [pid 13712:tid 1888] [client ::1:55326] PHP Fatal error:  Uncaught PDOException: SQLSTATE[HY000] [1045] Access denied for user 'root'@'localhost' (using password: YES) in E:\\UniServerZ\\www\\oitusr\\php\\mysql.php:16\nStack trace:\n#0 E:\\UniServerZ\\www\\oitusr\\php\\mysql.php(16): PDO->__construct('mysql:host=loca...', 'root', 'oitmis123')\n#1 E:\\UniServerZ\\www\\oitusr\\php\\notice_data.php(39): db_link()\n#2 E:\\UniServerZ\\www\\oitusr\\php\\notice_data.php(15): title_get()\n#3 E:\\UniServerZ\\www\\oitusr\\php\\notice_data.php(7): main()\n#4 {main}\n  thrown in E:\\UniServerZ\\www\\oitusr\\php\\mysql.php on line 16, referer: http://localhost/oitusr/
[Tue May 14 14:38:42.200562 2019] [php7:error] [pid 13712:tid 1872] [client ::1:55328] PHP Fatal error:  Uncaught PDOException: SQLSTATE[HY000] [1045] Access denied for user 'root'@'localhost' (using password: YES) in E:\\UniServerZ\\www\\oitusr\\php\\mysql.php:16\nStack trace:\n#0 E:\\UniServerZ\\www\\oitusr\\php\\mysql.php(16): PDO->__construct('mysql:host=loca...', 'root', 'oitmis123')\n#1 E:\\UniServerZ\\www\\oitusr\\php\\user_data.php(79): db_link()\n#2 E:\\UniServerZ\\www\\oitusr\\php\\user_data.php(29): user_type()\n#3 E:\\UniServerZ\\www\\oitusr\\php\\user_data.php(3): main()\n#4 {main}\n  thrown in E:\\UniServerZ\\www\\oitusr\\php\\mysql.php on line 16, referer: http://localhost/oitusr/
[Tue May 14 14:38:42.206595 2019] [php7:error] [pid 13712:tid 1904] [client ::1:55327] PHP Fatal error:  Uncaught PDOException: SQLSTATE[HY000] [1045] Access denied for user 'root'@'localhost' (using password: YES) in E:\\UniServerZ\\www\\oitusr\\php\\mysql.php:16\nStack trace:\n#0 E:\\UniServerZ\\www\\oitusr\\php\\mysql.php(16): PDO->__construct('mysql:host=loca...', 'root', 'oitmis123')\n#1 E:\\UniServerZ\\www\\oitusr\\php\\notice_data.php(116): db_link()\n#2 E:\\UniServerZ\\www\\oitusr\\php\\notice_data.php(21): get_class_data()\n#3 E:\\UniServerZ\\www\\oitusr\\php\\notice_data.php(7): main()\n#4 {main}\n  thrown in E:\\UniServerZ\\www\\oitusr\\php\\mysql.php on line 16, referer: http://localhost/oitusr/
[Tue May 14 14:39:01.145537 2019] [mpm_winnt:notice] [pid 15028:tid 684] AH00428: Parent: child process 13712 exited with status 3221226356 -- Restarting.
[Tue May 14 14:39:01.434926 2019] [mpm_winnt:notice] [pid 15028:tid 684] AH00455: Apache/2.4.25 (Win32) PHP/7.1.1 configured -- resuming normal operations
[Tue May 14 14:39:01.435925 2019] [mpm_winnt:notice] [pid 15028:tid 684] AH00456: Apache Lounge VC14 Server built: Dec 17 2016 10:42:52
[Tue May 14 14:39:01.435925 2019] [core:notice] [pid 15028:tid 684] AH00094: Command line: 'E:\\UniServerZ\\core\\apache2\\bin\\httpd_z.exe -d E:/UniServerZ/core/apache2 -f E:\\UniServerZ\\core\\apache2\\conf\\httpd.conf -d E:\\UniServerZ\\core\\apache2'
[Tue May 14 14:39:01.441922 2019] [mpm_winnt:notice] [pid 15028:tid 684] AH00418: Parent: Created child process 13964
[Tue May 14 14:39:02.531885 2019] [mpm_winnt:notice] [pid 13964:tid 772] AH00354: Child: Starting 150 worker threads.
[Tue May 14 14:39:03.587815 2019] [php7:error] [pid 13964:tid 1920] [client ::1:55357] PHP Fatal error:  Uncaught PDOException: SQLSTATE[HY000] [1045] Access denied for user 'root'@'localhost' (using password: YES) in E:\\UniServerZ\\www\\oitusr\\php\\mysql.php:16\nStack trace:\n#0 E:\\UniServerZ\\www\\oitusr\\php\\mysql.php(16): PDO->__construct('mysql:host=loca...', 'root', 'oitmis123')\n#1 E:\\UniServerZ\\www\\oitusr\\php\\notice_data.php(39): db_link()\n#2 E:\\UniServerZ\\www\\oitusr\\php\\notice_data.php(15): title_get()\n#3 E:\\UniServerZ\\www\\oitusr\\php\\notice_data.php(7): main()\n#4 {main}\n  thrown in E:\\UniServerZ\\www\\oitusr\\php\\mysql.php on line 16, referer: http://localhost/oitusr/
[Tue May 14 14:42:40.040117 2019] [authz_core:error] [pid 13964:tid 1920] [client ::1:55539] AH01630: client denied by server configuration: E:/UniServerZ/home/us_opt2, referer: http://localhost/
[Tue May 14 15:22:40.447376 2019] [core:warn] [pid 7376:tid 728] AH00098: pid file E:/UniServerZ/core/apache2/logs/httpd.pid overwritten -- Unclean shutdown of previous Apache run?
[Tue May 14 15:22:40.915851 2019] [mpm_winnt:notice] [pid 7376:tid 728] AH00455: Apache/2.4.25 (Win32) PHP/7.1.1 configured -- resuming normal operations
[Tue May 14 15:22:40.915851 2019] [mpm_winnt:notice] [pid 7376:tid 728] AH00456: Apache Lounge VC14 Server built: Dec 17 2016 10:42:52
[Tue May 14 15:22:40.915851 2019] [core:notice] [pid 7376:tid 728] AH00094: Command line: 'E:\\UniServerZ\\core\\apache2\\bin\\httpd_z.exe -d E:/UniServerZ/core/apache2 -f E:\\UniServerZ\\core\\apache2\\conf\\httpd.conf -d E:\\UniServerZ\\core\\apache2'
[Tue May 14 15:22:40.936677 2019] [mpm_winnt:notice] [pid 7376:tid 728] AH00418: Parent: Created child process 16908
[Tue May 14 15:22:42.778975 2019] [mpm_winnt:notice] [pid 16908:tid 668] AH00354: Child: Starting 150 worker threads.
[Tue May 14 15:55:15.329257 2019] [php7:crit] [pid 16908:tid 1892] [client ::1:60921] PHP Parse error:  syntax error, unexpected 'else' (T_ELSE), expecting end of file in E:\\UniServerZ\\www\\oitusr\\php\\user_data.php on line 66, referer: http://localhost/oitusr/photo.html
[Tue May 14 15:55:20.589147 2019] [php7:crit] [pid 16908:tid 1920] [client ::1:60920] PHP Parse error:  syntax error, unexpected 'else' (T_ELSE), expecting end of file in E:\\UniServerZ\\www\\oitusr\\php\\user_data.php on line 66, referer: http://localhost/oitusr/index.html
[Tue May 14 15:57:37.221754 2019] [php7:notice] [pid 16908:tid 1892] [client ::1:61091] PHP Notice:  Undefined variable: sql in E:\\UniServerZ\\www\\oitusr\\php\\user_data.php on line 69, referer: http://localhost/oitusr/index.html
[Tue May 14 15:57:37.234993 2019] [php7:warn] [pid 16908:tid 1892] [client ::1:61091] PHP Warning:  Invalid argument supplied for foreach() in E:\\UniServerZ\\www\\oitusr\\php\\user_data.php on line 69, referer: http://localhost/oitusr/index.html
[Tue May 14 16:05:23.849514 2019] [php7:crit] [pid 16908:tid 1892] [client ::1:61734] PHP Parse error:  syntax error, unexpected '!', expecting '(' in E:\\UniServerZ\\www\\oitusr\\php\\user_data.php on line 58, referer: http://localhost/oitusr/index.html
[Tue May 14 16:15:46.234081 2019] [php7:notice] [pid 16908:tid 1904] [client ::1:62835] PHP Notice:  Undefined variable: row in E:\\UniServerZ\\www\\oitusr\\php\\user_data.php on line 51, referer: http://localhost/oitusr/photo.html
[Tue May 14 16:18:13.959563 2019] [php7:notice] [pid 16908:tid 1904] [client ::1:63058] PHP Notice:  Undefined variable: _SESSION in E:\\UniServerZ\\www\\oitusr\\php\\user_data.php on line 28, referer: http://localhost/oitusr/index.html
[Tue May 14 16:18:28.423467 2019] [php7:notice] [pid 16908:tid 1904] [client ::1:63078] PHP Notice:  Undefined variable: _SESSION in E:\\UniServerZ\\www\\oitusr\\php\\user_data.php on line 28, referer: http://localhost/oitusr/index.html
[Tue May 14 16:23:50.944096 2019] [php7:notice] [pid 16908:tid 1892] [client ::1:63562] PHP Notice:  Undefined offset: 2 in E:\\UniServerZ\\www\\oitusr\\php\\albums.php on line 4, referer: http://localhost/oitusr/albums.html?id=MTA4X+S4reWSjOWci+Wwj19BcHAgSW52ZW50b3Ig56iL5byP6Kit6KiI54ef6ZqK
[Tue May 14 16:23:59.812956 2019] [php7:notice] [pid 16908:tid 1904] [client ::1:63577] PHP Notice:  Undefined offset: 2 in E:\\UniServerZ\\www\\oitusr\\php\\albums.php on line 4, referer: http://localhost/oitusr/albums.html?id=MTA3X+S4reWSjOWci+Wwj19tQm905qmf5Zmo5Lq656iL5byP6Kit6KiI54ef6ZqK
[Tue May 14 16:24:04.081124 2019] [php7:notice] [pid 16908:tid 1904] [client ::1:63577] PHP Notice:  Undefined offset: 2 in E:\\UniServerZ\\www\\oitusr\\php\\albums.php on line 4, referer: http://localhost/oitusr/albums.html?id=MTA3X+S4reWSjOWci+Wwj19BcHAgSW52ZW50b3Ig56iL5byP6Kit6KiI54ef6ZqK
[Tue May 14 16:24:08.675063 2019] [php7:notice] [pid 16908:tid 1904] [client ::1:63577] PHP Notice:  Undefined offset: 2 in E:\\UniServerZ\\www\\oitusr\\php\\albums.php on line 4, referer: http://localhost/oitusr/albums.html?id=MTA3X+S4reWSjOWci+Wwj1/libXmhI8gM0Qg76ac5Y2w6Kit6KiI54ef6ZqK
[Tue May 14 16:24:13.499375 2019] [php7:notice] [pid 16908:tid 1904] [client ::1:63577] PHP Notice:  Undefined offset: 2 in E:\\UniServerZ\\www\\oitusr\\php\\albums.php on line 4, referer: http://localhost/oitusr/albums.html?id=MTA3X+aoguWIqeWci+Wwj19BcHAgSW52ZW50b3Ig56iL5byP6Kit6KiI54ef6ZqK
[Tue May 14 16:24:49.874623 2019] [php7:notice] [pid 16908:tid 1904] [client ::1:63665] PHP Notice:  Undefined offset: 2 in E:\\UniServerZ\\www\\oitusr\\php\\albums.php on line 4, referer: http://localhost/oitusr/albums.html?id=MTA4X+S4reWSjOWci+Wwj19BcHAgSW52ZW50b3Ig56iL5byP6Kit6KiI54ef6ZqK
[Tue May 14 16:34:52.852176 2019] [core:warn] [pid 12736:tid 592] AH00098: pid file E:/UniServerZ/core/apache2/logs/httpd.pid overwritten -- Unclean shutdown of previous Apache run?
[Tue May 14 16:34:53.211672 2019] [mpm_winnt:notice] [pid 12736:tid 592] AH00455: Apache/2.4.25 (Win32) PHP/7.1.1 configured -- resuming normal operations
[Tue May 14 16:34:53.211672 2019] [mpm_winnt:notice] [pid 12736:tid 592] AH00456: Apache Lounge VC14 Server built: Dec 17 2016 10:42:52
[Tue May 14 16:34:53.211672 2019] [core:notice] [pid 12736:tid 592] AH00094: Command line: 'E:\\UniServerZ\\core\\apache2\\bin\\httpd_z.exe -d E:/UniServerZ/core/apache2 -f E:\\UniServerZ\\core\\apache2\\conf\\httpd.conf -d E:\\UniServerZ\\core\\apache2'
[Tue May 14 16:34:53.211672 2019] [mpm_winnt:notice] [pid 12736:tid 592] AH00418: Parent: Created child process 7352
[Tue May 14 16:34:54.242889 2019] [mpm_winnt:notice] [pid 7352:tid 644] AH00354: Child: Starting 150 worker threads.
[Tue May 14 17:09:42.158988 2019] [core:warn] [pid 11868:tid 588] AH00098: pid file E:/UniServerZ/core/apache2/logs/httpd.pid overwritten -- Unclean shutdown of previous Apache run?
[Tue May 14 17:09:42.409186 2019] [mpm_winnt:notice] [pid 11868:tid 588] AH00455: Apache/2.4.25 (Win32) PHP/7.1.1 configured -- resuming normal operations
[Tue May 14 17:09:42.409186 2019] [mpm_winnt:notice] [pid 11868:tid 588] AH00456: Apache Lounge VC14 Server built: Dec 17 2016 10:42:52
[Tue May 14 17:09:42.409186 2019] [core:notice] [pid 11868:tid 588] AH00094: Command line: 'E:\\UniServerZ\\core\\apache2\\bin\\httpd_z.exe -d E:/UniServerZ/core/apache2 -f E:\\UniServerZ\\core\\apache2\\conf\\httpd.conf -d E:\\UniServerZ\\core\\apache2'
[Tue May 14 17:09:42.424812 2019] [mpm_winnt:notice] [pid 11868:tid 588] AH00418: Parent: Created child process 14844
[Tue May 14 17:09:43.487275 2019] [mpm_winnt:notice] [pid 14844:tid 804] AH00354: Child: Starting 150 worker threads.
[Tue May 14 17:10:26.222065 2019] [php7:error] [pid 14844:tid 1888] [client ::1:50475] PHP Fatal error:  Uncaught PDOException: PDO::__construct(): MySQL server has gone away in E:\\UniServerZ\\www\\oitusr\\php\\mysql.php:16\nStack trace:\n#0 E:\\UniServerZ\\www\\oitusr\\php\\mysql.php(16): PDO->__construct('mysql:host=loca...', 'root', 'oitmis123')\n#1 E:\\UniServerZ\\www\\oitusr\\php\\notice_data.php(39): db_link()\n#2 E:\\UniServerZ\\www\\oitusr\\php\\notice_data.php(15): title_get()\n#3 E:\\UniServerZ\\www\\oitusr\\php\\notice_data.php(7): main()\n#4 {main}\n\nNext PDOException: SQLSTATE[HY000] [2006] MySQL server has gone away in E:\\UniServerZ\\www\\oitusr\\php\\mysql.php:16\nStack trace:\n#0 E:\\UniServerZ\\www\\oitusr\\php\\mysql.php(16): PDO->__construct('mysql:host=loca...', 'root', 'oitmis123')\n#1 E:\\UniServerZ\\www\\oitusr\\php\\notice_data.php(39): db_link()\n#2 E:\\UniServerZ\\www\\oitusr\\php\\notice_data.php(15): title_get()\n#3 E:\\UniServerZ\\www\\oitusr\\php\\notice_data.php(7): main()\n#4 {main}\n  thrown in E:\\UniServerZ\\www\\oitusr\\php\\mysql.php on line 16, referer: http://localhost/oitusr/
[Tue May 14 17:10:26.222065 2019] [php7:error] [pid 14844:tid 1920] [client ::1:50471] PHP Fatal error:  Uncaught PDOException: PDO::__construct(): MySQL server has gone away in E:\\UniServerZ\\www\\oitusr\\php\\mysql.php:16\nStack trace:\n#0 E:\\UniServerZ\\www\\oitusr\\php\\mysql.php(16): PDO->__construct('mysql:host=loca...', 'root', 'oitmis123')\n#1 E:\\UniServerZ\\www\\oitusr\\php\\notice_data.php(116): db_link()\n#2 E:\\UniServerZ\\www\\oitusr\\php\\notice_data.php(21): get_class_data()\n#3 E:\\UniServerZ\\www\\oitusr\\php\\notice_data.php(7): main()\n#4 {main}\n\nNext PDOException: SQLSTATE[HY000] [2006] MySQL server has gone away in E:\\UniServerZ\\www\\oitusr\\php\\mysql.php:16\nStack trace:\n#0 E:\\UniServerZ\\www\\oitusr\\php\\mysql.php(16): PDO->__construct('mysql:host=loca...', 'root', 'oitmis123')\n#1 E:\\UniServerZ\\www\\oitusr\\php\\notice_data.php(116): db_link()\n#2 E:\\UniServerZ\\www\\oitusr\\php\\notice_data.php(21): get_class_data()\n#3 E:\\UniServerZ\\www\\oitusr\\php\\notice_data.php(7): main()\n#4 {main}\n  thrown in E:\\UniServerZ\\www\\oitusr\\php\\mysql.php on line 16, referer: http://localhost/oitusr/
[Tue May 14 17:10:26.222065 2019] [php7:error] [pid 14844:tid 1900] [client ::1:50474] PHP Fatal error:  Uncaught PDOException: PDO::__construct(): MySQL server has gone away in E:\\UniServerZ\\www\\oitusr\\php\\mysql.php:16\nStack trace:\n#0 E:\\UniServerZ\\www\\oitusr\\php\\mysql.php(16): PDO->__construct('mysql:host=loca...', 'root', 'oitmis123')\n#1 E:\\UniServerZ\\www\\oitusr\\php\\user_data.php(81): db_link()\n#2 E:\\UniServerZ\\www\\oitusr\\php\\user_data.php(28): user_type()\n#3 E:\\UniServerZ\\www\\oitusr\\php\\user_data.php(3): main()\n#4 {main}\n\nNext PDOException: SQLSTATE[HY000] [2006] MySQL server has gone away in E:\\UniServerZ\\www\\oitusr\\php\\mysql.php:16\nStack trace:\n#0 E:\\UniServerZ\\www\\oitusr\\php\\mysql.php(16): PDO->__construct('mysql:host=loca...', 'root', 'oitmis123')\n#1 E:\\UniServerZ\\www\\oitusr\\php\\user_data.php(81): db_link()\n#2 E:\\UniServerZ\\www\\oitusr\\php\\user_data.php(28): user_type()\n#3 E:\\UniServerZ\\www\\oitusr\\php\\user_data.php(3): main()\n#4 {main}\n  thrown in E:\\UniServerZ\\www\\oitusr\\php\\mysql.php on line 16, referer: http://localhost/oitusr/
[Tue May 14 18:56:07.058701 2019] [core:warn] [pid 4148:tid 156] AH00098: pid file F:/UniServerZ/core/apache2/logs/httpd.pid overwritten -- Unclean shutdown of previous Apache run?
[Tue May 14 18:56:07.136701 2019] [mpm_winnt:notice] [pid 4148:tid 156] AH00455: Apache/2.4.25 (Win32) PHP/7.1.1 configured -- resuming normal operations
[Tue May 14 18:56:07.136701 2019] [mpm_winnt:notice] [pid 4148:tid 156] AH00456: Apache Lounge VC14 Server built: Dec 17 2016 10:42:52
[Tue May 14 18:56:07.136701 2019] [core:notice] [pid 4148:tid 156] AH00094: Command line: 'F:\\UniServerZ\\core\\apache2\\bin\\httpd_z.exe -d F:/UniServerZ/core/apache2 -f F:\\UniServerZ\\core\\apache2\\conf\\httpd.conf -d F:\\UniServerZ\\core\\apache2'
[Tue May 14 18:56:07.136701 2019] [mpm_winnt:notice] [pid 4148:tid 156] AH00418: Parent: Created child process 3020
[Tue May 14 18:56:07.355101 2019] [mpm_winnt:notice] [pid 3020:tid 272] AH00354: Child: Starting 150 worker threads.
[Tue May 14 18:56:08.596301 2019] [php7:error] [pid 3020:tid 1484] [client ::1:49364] script 'F:/UniServerZ/www/index.php' not found or unable to stat
[Tue May 14 18:57:00.526901 2019] [authz_core:error] [pid 3020:tid 1484] [client ::1:49381] AH01630: client denied by server configuration: F:/UniServerZ/home/us_opt2, referer: http://localhost/
[Tue May 14 18:57:58.422901 2019] [authz_core:error] [pid 3020:tid 1444] [client ::1:49429] AH01630: client denied by server configuration: F:/UniServerZ/home/us_opt2, referer: http://localhost/
[Tue May 14 19:19:20.639704 2019] [core:warn] [pid 2480:tid 152] AH00098: pid file F:/UniServerZ/core/apache2/logs/httpd.pid overwritten -- Unclean shutdown of previous Apache run?
[Tue May 14 19:19:20.706704 2019] [mpm_winnt:notice] [pid 2480:tid 152] AH00455: Apache/2.4.25 (Win32) PHP/7.1.1 configured -- resuming normal operations
[Tue May 14 19:19:20.706704 2019] [mpm_winnt:notice] [pid 2480:tid 152] AH00456: Apache Lounge VC14 Server built: Dec 17 2016 10:42:52
[Tue May 14 19:19:20.706704 2019] [core:notice] [pid 2480:tid 152] AH00094: Command line: 'F:\\UniServerZ\\core\\apache2\\bin\\httpd_z.exe -d F:/UniServerZ/core/apache2 -f F:\\UniServerZ\\core\\apache2\\conf\\httpd.conf -d F:\\UniServerZ\\core\\apache2'
[Tue May 14 19:19:20.706704 2019] [mpm_winnt:notice] [pid 2480:tid 152] AH00418: Parent: Created child process 5528
[Tue May 14 19:19:20.950704 2019] [mpm_winnt:notice] [pid 5528:tid 268] AH00354: Child: Starting 150 worker threads.
[Wed May 15 17:05:24.588600 2019] [core:warn] [pid 2976:tid 156] AH00098: pid file F:/UniServerZ/core/apache2/logs/httpd.pid overwritten -- Unclean shutdown of previous Apache run?
[Wed May 15 17:05:24.800600 2019] [mpm_winnt:notice] [pid 2976:tid 156] AH00455: Apache/2.4.25 (Win32) PHP/7.1.1 configured -- resuming normal operations
[Wed May 15 17:05:24.800600 2019] [mpm_winnt:notice] [pid 2976:tid 156] AH00456: Apache Lounge VC14 Server built: Dec 17 2016 10:42:52
[Wed May 15 17:05:24.800600 2019] [core:notice] [pid 2976:tid 156] AH00094: Command line: 'F:\\UniServerZ\\core\\apache2\\bin\\httpd_z.exe -d F:/UniServerZ/core/apache2 -f F:\\UniServerZ\\core\\apache2\\conf\\httpd.conf -d F:\\UniServerZ\\core\\apache2'
[Wed May 15 17:05:24.801600 2019] [mpm_winnt:notice] [pid 2976:tid 156] AH00418: Parent: Created child process 3372
[Wed May 15 17:05:25.049600 2019] [mpm_winnt:notice] [pid 3372:tid 272] AH00354: Child: Starting 150 worker threads.
[Thu May 16 08:14:38.832937 2019] [core:warn] [pid 11652:tid 572] AH00098: pid file E:/UniServerZ/core/apache2/logs/httpd.pid overwritten -- Unclean shutdown of previous Apache run?
[Thu May 16 08:14:39.074004 2019] [mpm_winnt:notice] [pid 11652:tid 572] AH00455: Apache/2.4.25 (Win32) PHP/7.1.1 configured -- resuming normal operations
[Thu May 16 08:14:39.074004 2019] [mpm_winnt:notice] [pid 11652:tid 572] AH00456: Apache Lounge VC14 Server built: Dec 17 2016 10:42:52
[Thu May 16 08:14:39.074004 2019] [core:notice] [pid 11652:tid 572] AH00094: Command line: 'E:\\UniServerZ\\core\\apache2\\bin\\httpd_z.exe -d E:/UniServerZ/core/apache2 -f E:\\UniServerZ\\core\\apache2\\conf\\httpd.conf -d E:\\UniServerZ\\core\\apache2'
[Thu May 16 08:14:39.120997 2019] [mpm_winnt:notice] [pid 11652:tid 572] AH00418: Parent: Created child process 11808
[Thu May 16 08:14:39.491379 2019] [mpm_winnt:notice] [pid 11808:tid 676] AH00354: Child: Starting 150 worker threads.
[Thu May 16 13:03:04.334589 2019] [core:warn] [pid 11516:tid 664] AH00098: pid file E:/UniServerZ/core/apache2/logs/httpd.pid overwritten -- Unclean shutdown of previous Apache run?
[Thu May 16 13:03:04.575046 2019] [mpm_winnt:notice] [pid 11516:tid 664] AH00455: Apache/2.4.25 (Win32) PHP/7.1.1 configured -- resuming normal operations
[Thu May 16 13:03:04.575046 2019] [mpm_winnt:notice] [pid 11516:tid 664] AH00456: Apache Lounge VC14 Server built: Dec 17 2016 10:42:52
[Thu May 16 13:03:04.575046 2019] [core:notice] [pid 11516:tid 664] AH00094: Command line: 'E:\\UniServerZ\\core\\apache2\\bin\\httpd_z.exe -d E:/UniServerZ/core/apache2 -f E:\\UniServerZ\\core\\apache2\\conf\\httpd.conf -d E:\\UniServerZ\\core\\apache2'
[Thu May 16 13:03:04.585073 2019] [mpm_winnt:notice] [pid 11516:tid 664] AH00418: Parent: Created child process 13304
[Thu May 16 13:03:04.916955 2019] [mpm_winnt:notice] [pid 13304:tid 632] AH00354: Child: Starting 150 worker threads.
[Thu May 16 17:35:08.355400 2019] [core:warn] [pid 6080:tid 156] AH00098: pid file F:/UniServerZ/core/apache2/logs/httpd.pid overwritten -- Unclean shutdown of previous Apache run?
[Thu May 16 17:35:09.584000 2019] [mpm_winnt:notice] [pid 6080:tid 156] AH00455: Apache/2.4.25 (Win32) PHP/7.1.1 configured -- resuming normal operations
[Thu May 16 17:35:09.584000 2019] [mpm_winnt:notice] [pid 6080:tid 156] AH00456: Apache Lounge VC14 Server built: Dec 17 2016 10:42:52
[Thu May 16 17:35:09.584000 2019] [core:notice] [pid 6080:tid 156] AH00094: Command line: 'F:\\UniServerZ\\core\\apache2\\bin\\httpd_z.exe -d F:/UniServerZ/core/apache2 -f F:\\UniServerZ\\core\\apache2\\conf\\httpd.conf -d F:\\UniServerZ\\core\\apache2'
[Thu May 16 17:35:09.599600 2019] [mpm_winnt:notice] [pid 6080:tid 156] AH00418: Parent: Created child process 5260
[Thu May 16 17:35:09.960400 2019] [mpm_winnt:notice] [pid 5260:tid 272] AH00354: Child: Starting 150 worker threads.
[Thu May 16 18:02:50.225404 2019] [core:warn] [pid 7076:tid 152] AH00098: pid file F:/UniServerZ/core/apache2/logs/httpd.pid overwritten -- Unclean shutdown of previous Apache run?
[Thu May 16 18:02:50.389404 2019] [mpm_winnt:notice] [pid 7076:tid 152] AH00455: Apache/2.4.25 (Win32) PHP/7.1.1 configured -- resuming normal operations
[Thu May 16 18:02:50.389404 2019] [mpm_winnt:notice] [pid 7076:tid 152] AH00456: Apache Lounge VC14 Server built: Dec 17 2016 10:42:52
[Thu May 16 18:02:50.389404 2019] [core:notice] [pid 7076:tid 152] AH00094: Command line: 'F:\\UniServerZ\\core\\apache2\\bin\\httpd_z.exe -d F:/UniServerZ/core/apache2 -f F:\\UniServerZ\\core\\apache2\\conf\\httpd.conf -d F:\\UniServerZ\\core\\apache2'
[Thu May 16 18:02:50.390404 2019] [mpm_winnt:notice] [pid 7076:tid 152] AH00418: Parent: Created child process 7692
[Thu May 16 18:02:50.626404 2019] [mpm_winnt:notice] [pid 7692:tid 268] AH00354: Child: Starting 150 worker threads.
[Fri May 17 10:08:39.074056 2019] [core:warn] [pid 4160:tid 648] AH00098: pid file E:/UniServerZ/core/apache2/logs/httpd.pid overwritten -- Unclean shutdown of previous Apache run?
[Fri May 17 10:08:39.569771 2019] [mpm_winnt:notice] [pid 4160:tid 648] AH00455: Apache/2.4.25 (Win32) PHP/7.1.1 configured -- resuming normal operations
[Fri May 17 10:08:39.569771 2019] [mpm_winnt:notice] [pid 4160:tid 648] AH00456: Apache Lounge VC14 Server built: Dec 17 2016 10:42:52
[Fri May 17 10:08:39.569771 2019] [core:notice] [pid 4160:tid 648] AH00094: Command line: 'E:\\UniServerZ\\core\\apache2\\bin\\httpd_z.exe -d E:/UniServerZ/core/apache2 -f E:\\UniServerZ\\core\\apache2\\conf\\httpd.conf -d E:\\UniServerZ\\core\\apache2'
[Fri May 17 10:08:39.578766 2019] [mpm_winnt:notice] [pid 4160:tid 648] AH00418: Parent: Created child process 12176
[Fri May 17 10:08:41.814485 2019] [mpm_winnt:notice] [pid 12176:tid 748] AH00354: Child: Starting 150 worker threads.
[Fri May 17 10:13:03.413244 2019] [core:warn] [pid 10528:tid 584] AH00098: pid file E:/UniServerZ/core/apache2/logs/httpd.pid overwritten -- Unclean shutdown of previous Apache run?
[Fri May 17 10:13:03.439720 2019] [mpm_winnt:notice] [pid 10528:tid 584] AH00455: Apache/2.4.25 (Win32) PHP/7.1.1 configured -- resuming normal operations
[Fri May 17 10:13:03.439720 2019] [mpm_winnt:notice] [pid 10528:tid 584] AH00456: Apache Lounge VC14 Server built: Dec 17 2016 10:42:52
[Fri May 17 10:13:03.439720 2019] [core:notice] [pid 10528:tid 584] AH00094: Command line: 'E:\\UniServerZ\\core\\apache2\\bin\\httpd_z.exe -d E:/UniServerZ/core/apache2 -f E:\\UniServerZ\\core\\apache2\\conf\\httpd.conf -d E:\\UniServerZ\\core\\apache2'
[Fri May 17 10:13:03.442721 2019] [mpm_winnt:notice] [pid 10528:tid 584] AH00418: Parent: Created child process 7648
[Fri May 17 10:13:04.658021 2019] [mpm_winnt:notice] [pid 7648:tid 784] AH00354: Child: Starting 150 worker threads.
[Fri May 17 13:08:14.823124 2019] [core:warn] [pid 10304:tid 628] AH00098: pid file E:/UniServerZ/core/apache2/logs/httpd.pid overwritten -- Unclean shutdown of previous Apache run?
[Fri May 17 13:08:15.026235 2019] [mpm_winnt:notice] [pid 10304:tid 628] AH00455: Apache/2.4.25 (Win32) PHP/7.1.1 configured -- resuming normal operations
[Fri May 17 13:08:15.026235 2019] [mpm_winnt:notice] [pid 10304:tid 628] AH00456: Apache Lounge VC14 Server built: Dec 17 2016 10:42:52
[Fri May 17 13:08:15.026235 2019] [core:notice] [pid 10304:tid 628] AH00094: Command line: 'E:\\UniServerZ\\core\\apache2\\bin\\httpd_z.exe -d E:/UniServerZ/core/apache2 -f E:\\UniServerZ\\core\\apache2\\conf\\httpd.conf -d E:\\UniServerZ\\core\\apache2'
[Fri May 17 13:08:15.026235 2019] [mpm_winnt:notice] [pid 10304:tid 628] AH00418: Parent: Created child process 17012
[Fri May 17 13:08:16.107222 2019] [mpm_winnt:notice] [pid 17012:tid 744] AH00354: Child: Starting 150 worker threads.
[Fri May 17 13:31:41.417536 2019] [core:warn] [pid 6468:tid 620] AH00098: pid file E:/UniServerZ/core/apache2/logs/httpd.pid overwritten -- Unclean shutdown of previous Apache run?
[Fri May 17 13:31:41.635450 2019] [mpm_winnt:notice] [pid 6468:tid 620] AH00455: Apache/2.4.25 (Win32) PHP/7.1.1 configured -- resuming normal operations
[Fri May 17 13:31:41.635450 2019] [mpm_winnt:notice] [pid 6468:tid 620] AH00456: Apache Lounge VC14 Server built: Dec 17 2016 10:42:52
[Fri May 17 13:31:41.635450 2019] [core:notice] [pid 6468:tid 620] AH00094: Command line: 'E:\\UniServerZ\\core\\apache2\\bin\\httpd_z.exe -d E:/UniServerZ/core/apache2 -f E:\\UniServerZ\\core\\apache2\\conf\\httpd.conf -d E:\\UniServerZ\\core\\apache2'
[Fri May 17 13:31:41.638450 2019] [mpm_winnt:notice] [pid 6468:tid 620] AH00418: Parent: Created child process 19108
[Fri May 17 13:31:42.827996 2019] [mpm_winnt:notice] [pid 19108:tid 752] AH00354: Child: Starting 150 worker threads.
[Fri May 17 13:34:43.038338 2019] [core:warn] [pid 16568:tid 664] AH00098: pid file E:/UniServerZ/core/apache2/logs/httpd.pid overwritten -- Unclean shutdown of previous Apache run?
[Fri May 17 13:34:43.069570 2019] [mpm_winnt:notice] [pid 16568:tid 664] AH00455: Apache/2.4.25 (Win32) PHP/7.1.1 configured -- resuming normal operations
[Fri May 17 13:34:43.069570 2019] [mpm_winnt:notice] [pid 16568:tid 664] AH00456: Apache Lounge VC14 Server built: Dec 17 2016 10:42:52
[Fri May 17 13:34:43.069570 2019] [core:notice] [pid 16568:tid 664] AH00094: Command line: 'E:\\UniServerZ\\core\\apache2\\bin\\httpd_z.exe -d E:/UniServerZ/core/apache2 -f E:\\UniServerZ\\core\\apache2\\conf\\httpd.conf -d E:\\UniServerZ\\core\\apache2'
[Fri May 17 13:34:43.069570 2019] [mpm_winnt:notice] [pid 16568:tid 664] AH00418: Parent: Created child process 15848
[Fri May 17 13:34:44.210118 2019] [mpm_winnt:notice] [pid 15848:tid 716] AH00354: Child: Starting 150 worker threads.
[Fri May 17 17:42:26.256200 2019] [core:warn] [pid 3356:tid 156] AH00098: pid file F:/UniServerZ/core/apache2/logs/httpd.pid overwritten -- Unclean shutdown of previous Apache run?
[Fri May 17 17:42:26.467200 2019] [mpm_winnt:notice] [pid 3356:tid 156] AH00455: Apache/2.4.25 (Win32) PHP/7.1.1 configured -- resuming normal operations
[Fri May 17 17:42:26.467200 2019] [mpm_winnt:notice] [pid 3356:tid 156] AH00456: Apache Lounge VC14 Server built: Dec 17 2016 10:42:52
[Fri May 17 17:42:26.467200 2019] [core:notice] [pid 3356:tid 156] AH00094: Command line: 'F:\\UniServerZ\\core\\apache2\\bin\\httpd_z.exe -d F:/UniServerZ/core/apache2 -f F:\\UniServerZ\\core\\apache2\\conf\\httpd.conf -d F:\\UniServerZ\\core\\apache2'
[Fri May 17 17:42:26.468200 2019] [mpm_winnt:notice] [pid 3356:tid 156] AH00418: Parent: Created child process 2100
[Fri May 17 17:42:26.686200 2019] [mpm_winnt:notice] [pid 2100:tid 272] AH00354: Child: Starting 150 worker threads.
[Sat May 18 13:51:59.075773 2019] [core:warn] [pid 19288:tid 684] AH00098: pid file E:/UniServerZ/core/apache2/logs/httpd.pid overwritten -- Unclean shutdown of previous Apache run?
[Sat May 18 13:51:59.370604 2019] [mpm_winnt:notice] [pid 19288:tid 684] AH00455: Apache/2.4.25 (Win32) PHP/7.1.1 configured -- resuming normal operations
[Sat May 18 13:51:59.370604 2019] [mpm_winnt:notice] [pid 19288:tid 684] AH00456: Apache Lounge VC14 Server built: Dec 17 2016 10:42:52
[Sat May 18 13:51:59.370604 2019] [core:notice] [pid 19288:tid 684] AH00094: Command line: 'E:\\UniServerZ\\core\\apache2\\bin\\httpd_z.exe -d E:/UniServerZ/core/apache2 -f E:\\UniServerZ\\core\\apache2\\conf\\httpd.conf -d E:\\UniServerZ\\core\\apache2'
[Sat May 18 13:51:59.375601 2019] [mpm_winnt:notice] [pid 19288:tid 684] AH00418: Parent: Created child process 16688
[Sat May 18 13:52:01.261520 2019] [mpm_winnt:notice] [pid 16688:tid 616] AH00354: Child: Starting 150 worker threads.
[Sat May 18 19:14:33.299522 2019] [core:warn] [pid 13228:tid 656] AH00098: pid file E:/UniServerZ/core/apache2/logs/httpd.pid overwritten -- Unclean shutdown of previous Apache run?
[Sat May 18 19:14:33.516395 2019] [mpm_winnt:notice] [pid 13228:tid 656] AH00455: Apache/2.4.25 (Win32) PHP/7.1.1 configured -- resuming normal operations
[Sat May 18 19:14:33.516395 2019] [mpm_winnt:notice] [pid 13228:tid 656] AH00456: Apache Lounge VC14 Server built: Dec 17 2016 10:42:52
[Sat May 18 19:14:33.516395 2019] [core:notice] [pid 13228:tid 656] AH00094: Command line: 'E:\\UniServerZ\\core\\apache2\\bin\\httpd_z.exe -d E:/UniServerZ/core/apache2 -f E:\\UniServerZ\\core\\apache2\\conf\\httpd.conf -d E:\\UniServerZ\\core\\apache2'
[Sat May 18 19:14:33.524391 2019] [mpm_winnt:notice] [pid 13228:tid 656] AH00418: Parent: Created child process 10740
[Sat May 18 19:14:35.112294 2019] [mpm_winnt:notice] [pid 10740:tid 812] AH00354: Child: Starting 150 worker threads.
[Sun May 19 14:32:49.583159 2019] [core:warn] [pid 9684:tid 632] AH00098: pid file E:/UniServerZ/core/apache2/logs/httpd.pid overwritten -- Unclean shutdown of previous Apache run?
[Sun May 19 14:32:49.864389 2019] [mpm_winnt:notice] [pid 9684:tid 632] AH00455: Apache/2.4.25 (Win32) PHP/7.1.1 configured -- resuming normal operations
[Sun May 19 14:32:49.864389 2019] [mpm_winnt:notice] [pid 9684:tid 632] AH00456: Apache Lounge VC14 Server built: Dec 17 2016 10:42:52
[Sun May 19 14:32:49.864389 2019] [core:notice] [pid 9684:tid 632] AH00094: Command line: 'E:\\UniServerZ\\core\\apache2\\bin\\httpd_z.exe -d E:/UniServerZ/core/apache2 -f E:\\UniServerZ\\core\\apache2\\conf\\httpd.conf -d E:\\UniServerZ\\core\\apache2'
[Sun May 19 14:32:49.880013 2019] [mpm_winnt:notice] [pid 9684:tid 632] AH00418: Parent: Created child process 1792
[Sun May 19 14:32:51.927074 2019] [mpm_winnt:notice] [pid 1792:tid 656] AH00354: Child: Starting 150 worker threads.
[Mon May 20 09:29:57.712494 2019] [core:warn] [pid 8088:tid 624] AH00098: pid file D:/UniServerZ/core/apache2/logs/httpd.pid overwritten -- Unclean shutdown of previous Apache run?
[Mon May 20 09:29:57.798129 2019] [mpm_winnt:notice] [pid 8088:tid 624] AH00455: Apache/2.4.25 (Win32) PHP/7.1.1 configured -- resuming normal operations
[Mon May 20 09:29:57.798129 2019] [mpm_winnt:notice] [pid 8088:tid 624] AH00456: Apache Lounge VC14 Server built: Dec 17 2016 10:42:52
[Mon May 20 09:29:57.798129 2019] [core:notice] [pid 8088:tid 624] AH00094: Command line: 'D:\\UniServerZ\\core\\apache2\\bin\\httpd_z.exe -d D:/UniServerZ/core/apache2 -f D:\\UniServerZ\\core\\apache2\\conf\\httpd.conf -d D:\\UniServerZ\\core\\apache2'
[Mon May 20 09:29:57.799130 2019] [mpm_winnt:notice] [pid 8088:tid 624] AH00418: Parent: Created child process 9800
[Mon May 20 09:29:58.133429 2019] [mpm_winnt:notice] [pid 9800:tid 664] AH00354: Child: Starting 150 worker threads.
[Mon May 20 10:14:38.998890 2019] [core:warn] [pid 8596:tid 564] AH00098: pid file D:/UniServerZ/core/apache2/logs/httpd.pid overwritten -- Unclean shutdown of previous Apache run?
[Mon May 20 10:14:39.014528 2019] [mpm_winnt:notice] [pid 8596:tid 564] AH00455: Apache/2.4.25 (Win32) PHP/7.1.1 configured -- resuming normal operations
[Mon May 20 10:14:39.014528 2019] [mpm_winnt:notice] [pid 8596:tid 564] AH00456: Apache Lounge VC14 Server built: Dec 17 2016 10:42:52
[Mon May 20 10:14:39.014528 2019] [core:notice] [pid 8596:tid 564] AH00094: Command line: 'D:\\UniServerZ\\core\\apache2\\bin\\httpd_z.exe -d D:/UniServerZ/core/apache2 -f D:\\UniServerZ\\core\\apache2\\conf\\httpd.conf -d D:\\UniServerZ\\core\\apache2'
[Mon May 20 10:14:39.014528 2019] [mpm_winnt:notice] [pid 8596:tid 564] AH00418: Parent: Created child process 4928
[Mon May 20 10:14:39.436398 2019] [mpm_winnt:notice] [pid 4928:tid 676] AH00354: Child: Starting 150 worker threads.
[Mon May 20 13:17:09.456698 2019] [core:warn] [pid 13208:tid 680] AH00098: pid file E:/UniServerZ/core/apache2/logs/httpd.pid overwritten -- Unclean shutdown of previous Apache run?
[Mon May 20 13:17:09.800441 2019] [mpm_winnt:notice] [pid 13208:tid 680] AH00455: Apache/2.4.25 (Win32) PHP/7.1.1 configured -- resuming normal operations
[Mon May 20 13:17:09.800441 2019] [mpm_winnt:notice] [pid 13208:tid 680] AH00456: Apache Lounge VC14 Server built: Dec 17 2016 10:42:52
[Mon May 20 13:17:09.800441 2019] [core:notice] [pid 13208:tid 680] AH00094: Command line: 'E:\\UniServerZ\\core\\apache2\\bin\\httpd_z.exe -d E:/UniServerZ/core/apache2 -f E:\\UniServerZ\\core\\apache2\\conf\\httpd.conf -d E:\\UniServerZ\\core\\apache2'
[Mon May 20 13:17:09.862940 2019] [mpm_winnt:notice] [pid 13208:tid 680] AH00418: Parent: Created child process 6664
[Mon May 20 13:17:10.628539 2019] [mpm_winnt:notice] [pid 6664:tid 716] AH00354: Child: Starting 150 worker threads.
[Mon May 20 13:25:47.334482 2019] [core:warn] [pid 8844:tid 612] AH00098: pid file E:/UniServerZ/core/apache2/logs/httpd.pid overwritten -- Unclean shutdown of previous Apache run?
[Mon May 20 13:25:47.647097 2019] [mpm_winnt:notice] [pid 8844:tid 612] AH00455: Apache/2.4.25 (Win32) PHP/7.1.1 configured -- resuming normal operations
[Mon May 20 13:25:47.647097 2019] [mpm_winnt:notice] [pid 8844:tid 612] AH00456: Apache Lounge VC14 Server built: Dec 17 2016 10:42:52
[Mon May 20 13:25:47.647097 2019] [core:notice] [pid 8844:tid 612] AH00094: Command line: 'E:\\UniServerZ\\core\\apache2\\bin\\httpd_z.exe -d E:/UniServerZ/core/apache2 -f E:\\UniServerZ\\core\\apache2\\conf\\httpd.conf -d E:\\UniServerZ\\core\\apache2'
[Mon May 20 13:25:47.662731 2019] [mpm_winnt:notice] [pid 8844:tid 612] AH00418: Parent: Created child process 14772
[Mon May 20 13:25:48.334576 2019] [mpm_winnt:notice] [pid 14772:tid 728] AH00354: Child: Starting 150 worker threads.
[Mon May 20 17:42:46.016387 2019] [core:warn] [pid 20456:tid 692] AH00098: pid file E:/UniServerZ/core/apache2/logs/httpd.pid overwritten -- Unclean shutdown of previous Apache run?
[Mon May 20 17:42:46.304223 2019] [mpm_winnt:notice] [pid 20456:tid 692] AH00455: Apache/2.4.25 (Win32) PHP/7.1.1 configured -- resuming normal operations
[Mon May 20 17:42:46.304223 2019] [mpm_winnt:notice] [pid 20456:tid 692] AH00456: Apache Lounge VC14 Server built: Dec 17 2016 10:42:52
[Mon May 20 17:42:46.304223 2019] [core:notice] [pid 20456:tid 692] AH00094: Command line: 'E:\\UniServerZ\\core\\apache2\\bin\\httpd_z.exe -d E:/UniServerZ/core/apache2 -f E:\\UniServerZ\\core\\apache2\\conf\\httpd.conf -d E:\\UniServerZ\\core\\apache2'
[Mon May 20 17:42:46.308220 2019] [mpm_winnt:notice] [pid 20456:tid 692] AH00418: Parent: Created child process 16940
[Mon May 20 17:42:49.159585 2019] [mpm_winnt:notice] [pid 16940:tid 680] AH00354: Child: Starting 150 worker threads.
[Mon May 20 18:32:37.227010 2019] [core:warn] [pid 4512:tid 152] AH00098: pid file F:/UniServerZ/core/apache2/logs/httpd.pid overwritten -- Unclean shutdown of previous Apache run?
[Mon May 20 18:32:37.455010 2019] [mpm_winnt:notice] [pid 4512:tid 152] AH00455: Apache/2.4.25 (Win32) PHP/7.1.1 configured -- resuming normal operations
[Mon May 20 18:32:37.455010 2019] [mpm_winnt:notice] [pid 4512:tid 152] AH00456: Apache Lounge VC14 Server built: Dec 17 2016 10:42:52
[Mon May 20 18:32:37.455010 2019] [core:notice] [pid 4512:tid 152] AH00094: Command line: 'F:\\UniServerZ\\core\\apache2\\bin\\httpd_z.exe -d F:/UniServerZ/core/apache2 -f F:\\UniServerZ\\core\\apache2\\conf\\httpd.conf -d F:\\UniServerZ\\core\\apache2'
[Mon May 20 18:32:37.456010 2019] [mpm_winnt:notice] [pid 4512:tid 152] AH00418: Parent: Created child process 4332
[Mon May 20 18:32:37.925010 2019] [mpm_winnt:notice] [pid 4332:tid 268] AH00354: Child: Starting 150 worker threads.
[Tue May 21 09:52:34.820648 2019] [core:warn] [pid 5372:tid 736] AH00098: pid file E:/UniServerZ/core/apache2/logs/httpd.pid overwritten -- Unclean shutdown of previous Apache run?
[Tue May 21 09:52:35.340350 2019] [mpm_winnt:notice] [pid 5372:tid 736] AH00455: Apache/2.4.25 (Win32) PHP/7.1.1 configured -- resuming normal operations
[Tue May 21 09:52:35.340350 2019] [mpm_winnt:notice] [pid 5372:tid 736] AH00456: Apache Lounge VC14 Server built: Dec 17 2016 10:42:52
[Tue May 21 09:52:35.340350 2019] [core:notice] [pid 5372:tid 736] AH00094: Command line: 'E:\\UniServerZ\\core\\apache2\\bin\\httpd_z.exe -d E:/UniServerZ/core/apache2 -f E:\\UniServerZ\\core\\apache2\\conf\\httpd.conf -d E:\\UniServerZ\\core\\apache2'
[Tue May 21 09:52:35.345347 2019] [mpm_winnt:notice] [pid 5372:tid 736] AH00418: Parent: Created child process 19408
[Tue May 21 09:52:37.437151 2019] [mpm_winnt:notice] [pid 19408:tid 624] AH00354: Child: Starting 150 worker threads.
[Tue May 21 14:59:29.914256 2019] [core:warn] [pid 9928:tid 160] AH00098: pid file E:/UniServerZ/core/apache2/logs/httpd.pid overwritten -- Unclean shutdown of previous Apache run?
[Tue May 21 14:59:30.324256 2019] [mpm_winnt:notice] [pid 9928:tid 160] AH00455: Apache/2.4.25 (Win32) PHP/7.1.1 configured -- resuming normal operations
[Tue May 21 14:59:30.324256 2019] [mpm_winnt:notice] [pid 9928:tid 160] AH00456: Apache Lounge VC14 Server built: Dec 17 2016 10:42:52
[Tue May 21 14:59:30.324256 2019] [core:notice] [pid 9928:tid 160] AH00094: Command line: 'E:\\UniServerZ\\core\\apache2\\bin\\httpd_z.exe -d E:/UniServerZ/core/apache2 -f E:\\UniServerZ\\core\\apache2\\conf\\httpd.conf -d E:\\UniServerZ\\core\\apache2'
[Tue May 21 14:59:30.324256 2019] [mpm_winnt:notice] [pid 9928:tid 160] AH00418: Parent: Created child process 1776
[Tue May 21 14:59:30.796257 2019] [mpm_winnt:notice] [pid 1776:tid 268] AH00354: Child: Starting 150 worker threads.
[Tue May 21 15:00:15.914654 2019] [core:warn] [pid 11420:tid 160] AH00098: pid file E:/UniServerZ/core/apache2/logs/httpd.pid overwritten -- Unclean shutdown of previous Apache run?
[Tue May 21 15:00:15.934654 2019] [mpm_winnt:notice] [pid 11420:tid 160] AH00455: Apache/2.4.25 (Win32) PHP/7.1.1 configured -- resuming normal operations
[Tue May 21 15:00:15.934654 2019] [mpm_winnt:notice] [pid 11420:tid 160] AH00456: Apache Lounge VC14 Server built: Dec 17 2016 10:42:52
[Tue May 21 15:00:15.934654 2019] [core:notice] [pid 11420:tid 160] AH00094: Command line: 'E:\\UniServerZ\\core\\apache2\\bin\\httpd_z.exe -d E:/UniServerZ/core/apache2 -f E:\\UniServerZ\\core\\apache2\\conf\\httpd.conf -d E:\\UniServerZ\\core\\apache2'
[Tue May 21 15:00:15.944654 2019] [mpm_winnt:notice] [pid 11420:tid 160] AH00418: Parent: Created child process 10848
[Tue May 21 15:00:16.364655 2019] [mpm_winnt:notice] [pid 10848:tid 268] AH00354: Child: Starting 150 worker threads.
[Tue May 21 15:01:34.015334 2019] [core:warn] [pid 10944:tid 160] AH00098: pid file E:/UniServerZ/core/apache2/logs/httpd.pid overwritten -- Unclean shutdown of previous Apache run?
[Tue May 21 15:01:34.035334 2019] [mpm_winnt:notice] [pid 10944:tid 160] AH00455: Apache/2.4.25 (Win32) PHP/7.1.1 configured -- resuming normal operations
[Tue May 21 15:01:34.035334 2019] [mpm_winnt:notice] [pid 10944:tid 160] AH00456: Apache Lounge VC14 Server built: Dec 17 2016 10:42:52
[Tue May 21 15:01:34.035334 2019] [core:notice] [pid 10944:tid 160] AH00094: Command line: 'E:\\UniServerZ\\core\\apache2\\bin\\httpd_z.exe -d E:/UniServerZ/core/apache2 -f E:\\UniServerZ\\core\\apache2\\conf\\httpd.conf -d E:\\UniServerZ\\core\\apache2'
[Tue May 21 15:01:34.035334 2019] [mpm_winnt:notice] [pid 10944:tid 160] AH00418: Parent: Created child process 7696
[Tue May 21 15:01:34.461343 2019] [mpm_winnt:notice] [pid 7696:tid 268] AH00354: Child: Starting 150 worker threads.
[Wed May 22 15:12:54.393080 2019] [core:warn] [pid 11964:tid 556] AH00098: pid file E:/UniServerZ/core/apache2/logs/httpd.pid overwritten -- Unclean shutdown of previous Apache run?
[Wed May 22 15:12:54.721727 2019] [mpm_winnt:notice] [pid 11964:tid 556] AH00455: Apache/2.4.25 (Win32) PHP/7.1.1 configured -- resuming normal operations
[Wed May 22 15:12:54.721727 2019] [mpm_winnt:notice] [pid 11964:tid 556] AH00456: Apache Lounge VC14 Server built: Dec 17 2016 10:42:52
[Wed May 22 15:12:54.722228 2019] [core:notice] [pid 11964:tid 556] AH00094: Command line: 'E:\\UniServerZ\\core\\apache2\\bin\\httpd_z.exe -d E:/UniServerZ/core/apache2 -f E:\\UniServerZ\\core\\apache2\\conf\\httpd.conf -d E:\\UniServerZ\\core\\apache2'
[Wed May 22 15:12:54.725737 2019] [mpm_winnt:notice] [pid 11964:tid 556] AH00418: Parent: Created child process 12132
[Wed May 22 15:12:55.100316 2019] [mpm_winnt:notice] [pid 12132:tid 676] AH00354: Child: Starting 150 worker threads.
[Wed May 22 15:43:12.596600 2019] [core:warn] [pid 12068:tid 800] AH00098: pid file E:/UniServerZ/core/apache2/logs/httpd.pid overwritten -- Unclean shutdown of previous Apache run?
[Wed May 22 15:43:12.987198 2019] [mpm_winnt:notice] [pid 12068:tid 800] AH00455: Apache/2.4.25 (Win32) PHP/7.1.1 configured -- resuming normal operations
[Wed May 22 15:43:12.987198 2019] [mpm_winnt:notice] [pid 12068:tid 800] AH00456: Apache Lounge VC14 Server built: Dec 17 2016 10:42:52
[Wed May 22 15:43:12.987198 2019] [core:notice] [pid 12068:tid 800] AH00094: Command line: 'E:\\UniServerZ\\core\\apache2\\bin\\httpd_z.exe -d E:/UniServerZ/core/apache2 -f E:\\UniServerZ\\core\\apache2\\conf\\httpd.conf -d E:\\UniServerZ\\core\\apache2'
[Wed May 22 15:43:12.987198 2019] [mpm_winnt:notice] [pid 12068:tid 800] AH00418: Parent: Created child process 7532
[Wed May 22 15:43:15.799500 2019] [mpm_winnt:notice] [pid 7532:tid 688] AH00354: Child: Starting 150 worker threads.
[Wed May 22 15:49:01.280066 2019] [core:warn] [pid 8384:tid 588] AH00098: pid file E:/UniServerZ/core/apache2/logs/httpd.pid overwritten -- Unclean shutdown of previous Apache run?
[Wed May 22 15:49:01.436332 2019] [mpm_winnt:notice] [pid 8384:tid 588] AH00455: Apache/2.4.25 (Win32) PHP/7.1.1 configured -- resuming normal operations
[Wed May 22 15:49:01.436332 2019] [mpm_winnt:notice] [pid 8384:tid 588] AH00456: Apache Lounge VC14 Server built: Dec 17 2016 10:42:52
[Wed May 22 15:49:01.436332 2019] [core:notice] [pid 8384:tid 588] AH00094: Command line: 'E:\\UniServerZ\\core\\apache2\\bin\\httpd_z.exe -d E:/UniServerZ/core/apache2 -f E:\\UniServerZ\\core\\apache2\\conf\\httpd.conf -d E:\\UniServerZ\\core\\apache2'
[Wed May 22 15:49:01.436332 2019] [mpm_winnt:notice] [pid 8384:tid 588] AH00418: Parent: Created child process 7992
[Wed May 22 15:49:01.826998 2019] [mpm_winnt:notice] [pid 7992:tid 628] AH00354: Child: Starting 150 worker threads.
[Wed May 22 17:31:31.385600 2019] [core:warn] [pid 4868:tid 156] AH00098: pid file E:/UniServerZ/core/apache2/logs/httpd.pid overwritten -- Unclean shutdown of previous Apache run?
[Wed May 22 17:31:31.548600 2019] [mpm_winnt:notice] [pid 4868:tid 156] AH00455: Apache/2.4.25 (Win32) PHP/7.1.1 configured -- resuming normal operations
[Wed May 22 17:31:31.548600 2019] [mpm_winnt:notice] [pid 4868:tid 156] AH00456: Apache Lounge VC14 Server built: Dec 17 2016 10:42:52
[Wed May 22 17:31:31.548600 2019] [core:notice] [pid 4868:tid 156] AH00094: Command line: 'E:\\UniServerZ\\core\\apache2\\bin\\httpd_z.exe -d E:/UniServerZ/core/apache2 -f E:\\UniServerZ\\core\\apache2\\conf\\httpd.conf -d E:\\UniServerZ\\core\\apache2'
[Wed May 22 17:31:31.548600 2019] [mpm_winnt:notice] [pid 4868:tid 156] AH00418: Parent: Created child process 2300
[Wed May 22 17:31:31.767600 2019] [mpm_winnt:notice] [pid 2300:tid 272] AH00354: Child: Starting 150 worker threads.
[Thu May 23 11:30:42.436310 2019] [core:warn] [pid 8096:tid 152] AH00098: pid file F:/UniServerZ/core/apache2/logs/httpd.pid overwritten -- Unclean shutdown of previous Apache run?
[Thu May 23 11:30:42.522310 2019] [mpm_winnt:notice] [pid 8096:tid 152] AH00455: Apache/2.4.25 (Win32) PHP/7.1.1 configured -- resuming normal operations
[Thu May 23 11:30:42.522310 2019] [mpm_winnt:notice] [pid 8096:tid 152] AH00456: Apache Lounge VC14 Server built: Dec 17 2016 10:42:52
[Thu May 23 11:30:42.522310 2019] [core:notice] [pid 8096:tid 152] AH00094: Command line: 'F:\\UniServerZ\\core\\apache2\\bin\\httpd_z.exe -d F:/UniServerZ/core/apache2 -f F:\\UniServerZ\\core\\apache2\\conf\\httpd.conf -d F:\\UniServerZ\\core\\apache2'
[Thu May 23 11:30:42.524310 2019] [mpm_winnt:notice] [pid 8096:tid 152] AH00418: Parent: Created child process 8124
[Thu May 23 11:30:42.756310 2019] [mpm_winnt:notice] [pid 8124:tid 268] AH00354: Child: Starting 150 worker threads.
[Thu May 23 13:05:12.281349 2019] [core:warn] [pid 5136:tid 528] AH00098: pid file E:/UniServerZ/core/apache2/logs/httpd.pid overwritten -- Unclean shutdown of previous Apache run?
[Thu May 23 13:05:12.484527 2019] [mpm_winnt:notice] [pid 5136:tid 528] AH00455: Apache/2.4.25 (Win32) PHP/7.1.1 configured -- resuming normal operations
[Thu May 23 13:05:12.484527 2019] [mpm_winnt:notice] [pid 5136:tid 528] AH00456: Apache Lounge VC14 Server built: Dec 17 2016 10:42:52
[Thu May 23 13:05:12.484527 2019] [core:notice] [pid 5136:tid 528] AH00094: Command line: 'E:\\UniServerZ\\core\\apache2\\bin\\httpd_z.exe -d E:/UniServerZ/core/apache2 -f E:\\UniServerZ\\core\\apache2\\conf\\httpd.conf -d E:\\UniServerZ\\core\\apache2'
[Thu May 23 13:05:12.515782 2019] [mpm_winnt:notice] [pid 5136:tid 528] AH00418: Parent: Created child process 8476
[Thu May 23 13:05:12.859536 2019] [mpm_winnt:notice] [pid 8476:tid 568] AH00354: Child: Starting 150 worker threads.
[Thu May 23 17:24:00.408267 2019] [core:warn] [pid 3128:tid 604] AH00098: pid file E:/UniServerZ/core/apache2/logs/httpd.pid overwritten -- Unclean shutdown of previous Apache run?
[Thu May 23 17:24:00.781132 2019] [mpm_winnt:notice] [pid 3128:tid 604] AH00455: Apache/2.4.25 (Win32) PHP/7.1.1 configured -- resuming normal operations
[Thu May 23 17:24:00.781132 2019] [mpm_winnt:notice] [pid 3128:tid 604] AH00456: Apache Lounge VC14 Server built: Dec 17 2016 10:42:52
[Thu May 23 17:24:00.781132 2019] [core:notice] [pid 3128:tid 604] AH00094: Command line: 'E:\\UniServerZ\\core\\apache2\\bin\\httpd_z.exe -d E:/UniServerZ/core/apache2 -f E:\\UniServerZ\\core\\apache2\\conf\\httpd.conf -d E:\\UniServerZ\\core\\apache2'
[Thu May 23 17:24:00.789611 2019] [mpm_winnt:notice] [pid 3128:tid 604] AH00418: Parent: Created child process 1016
[Thu May 23 17:24:02.925953 2019] [mpm_winnt:notice] [pid 1016:tid 708] AH00354: Child: Starting 150 worker threads.
[Thu May 23 18:42:25.755200 2019] [core:warn] [pid 5516:tid 156] AH00098: pid file E:/UniServerZ/core/apache2/logs/httpd.pid overwritten -- Unclean shutdown of previous Apache run?
[Thu May 23 18:42:26.539200 2019] [mpm_winnt:notice] [pid 5516:tid 156] AH00455: Apache/2.4.25 (Win32) PHP/7.1.1 configured -- resuming normal operations
[Thu May 23 18:42:26.539200 2019] [mpm_winnt:notice] [pid 5516:tid 156] AH00456: Apache Lounge VC14 Server built: Dec 17 2016 10:42:52
[Thu May 23 18:42:26.539200 2019] [core:notice] [pid 5516:tid 156] AH00094: Command line: 'E:\\UniServerZ\\core\\apache2\\bin\\httpd_z.exe -d E:/UniServerZ/core/apache2 -f E:\\UniServerZ\\core\\apache2\\conf\\httpd.conf -d E:\\UniServerZ\\core\\apache2'
[Thu May 23 18:42:26.539200 2019] [mpm_winnt:notice] [pid 5516:tid 156] AH00418: Parent: Created child process 428
[Thu May 23 18:42:26.804400 2019] [mpm_winnt:notice] [pid 428:tid 272] AH00354: Child: Starting 150 worker threads.
[Thu May 23 19:25:38.794909 2019] [core:warn] [pid 4700:tid 152] AH00098: pid file E:/UniServerZ/core/apache2/logs/httpd.pid overwritten -- Unclean shutdown of previous Apache run?
[Thu May 23 19:25:38.872909 2019] [mpm_winnt:notice] [pid 4700:tid 152] AH00455: Apache/2.4.25 (Win32) PHP/7.1.1 configured -- resuming normal operations
[Thu May 23 19:25:38.872909 2019] [mpm_winnt:notice] [pid 4700:tid 152] AH00456: Apache Lounge VC14 Server built: Dec 17 2016 10:42:52
[Thu May 23 19:25:38.872909 2019] [core:notice] [pid 4700:tid 152] AH00094: Command line: 'E:\\UniServerZ\\core\\apache2\\bin\\httpd_z.exe -d E:/UniServerZ/core/apache2 -f E:\\UniServerZ\\core\\apache2\\conf\\httpd.conf -d E:\\UniServerZ\\core\\apache2'
[Thu May 23 19:25:38.872909 2019] [mpm_winnt:notice] [pid 4700:tid 152] AH00418: Parent: Created child process 5784
[Thu May 23 19:25:39.075709 2019] [mpm_winnt:notice] [pid 5784:tid 268] AH00354: Child: Starting 150 worker threads.
[Thu May 23 19:26:28.838910 2019] [core:warn] [pid 6640:tid 152] AH00098: pid file E:/UniServerZ/core/apache2/logs/httpd.pid overwritten -- Unclean shutdown of previous Apache run?
[Thu May 23 19:26:28.854510 2019] [mpm_winnt:notice] [pid 6640:tid 152] AH00455: Apache/2.4.25 (Win32) PHP/7.1.1 configured -- resuming normal operations
[Thu May 23 19:26:28.854510 2019] [mpm_winnt:notice] [pid 6640:tid 152] AH00456: Apache Lounge VC14 Server built: Dec 17 2016 10:42:52
[Thu May 23 19:26:28.854510 2019] [core:notice] [pid 6640:tid 152] AH00094: Command line: 'E:\\UniServerZ\\core\\apache2\\bin\\httpd_z.exe -d E:/UniServerZ/core/apache2 -f E:\\UniServerZ\\core\\apache2\\conf\\httpd.conf -d E:\\UniServerZ\\core\\apache2'
[Thu May 23 19:26:28.854510 2019] [mpm_winnt:notice] [pid 6640:tid 152] AH00418: Parent: Created child process 6364
[Thu May 23 19:26:29.057310 2019] [mpm_winnt:notice] [pid 6364:tid 268] AH00354: Child: Starting 150 worker threads.
[Fri May 24 10:18:04.337160 2019] [core:warn] [pid 3632:tid 788] AH00098: pid file E:/UniServerZ/core/apache2/logs/httpd.pid overwritten -- Unclean shutdown of previous Apache run?
[Fri May 24 10:18:04.701484 2019] [mpm_winnt:notice] [pid 3632:tid 788] AH00455: Apache/2.4.25 (Win32) PHP/7.1.1 configured -- resuming normal operations
[Fri May 24 10:18:04.701484 2019] [mpm_winnt:notice] [pid 3632:tid 788] AH00456: Apache Lounge VC14 Server built: Dec 17 2016 10:42:52
[Fri May 24 10:18:04.701484 2019] [core:notice] [pid 3632:tid 788] AH00094: Command line: 'E:\\UniServerZ\\core\\apache2\\bin\\httpd_z.exe -d E:/UniServerZ/core/apache2 -f E:\\UniServerZ\\core\\apache2\\conf\\httpd.conf -d E:\\UniServerZ\\core\\apache2'
[Fri May 24 10:18:04.708489 2019] [mpm_winnt:notice] [pid 3632:tid 788] AH00418: Parent: Created child process 13564
[Fri May 24 10:18:06.621916 2019] [mpm_winnt:notice] [pid 13564:tid 672] AH00354: Child: Starting 150 worker threads.
[Fri May 24 13:23:41.112386 2019] [core:warn] [pid 14472:tid 608] AH00098: pid file E:/UniServerZ/core/apache2/logs/httpd.pid overwritten -- Unclean shutdown of previous Apache run?
[Fri May 24 13:23:41.320740 2019] [mpm_winnt:notice] [pid 14472:tid 608] AH00455: Apache/2.4.25 (Win32) PHP/7.1.1 configured -- resuming normal operations
[Fri May 24 13:23:41.320740 2019] [mpm_winnt:notice] [pid 14472:tid 608] AH00456: Apache Lounge VC14 Server built: Dec 17 2016 10:42:52
[Fri May 24 13:23:41.320740 2019] [core:notice] [pid 14472:tid 608] AH00094: Command line: 'E:\\UniServerZ\\core\\apache2\\bin\\httpd_z.exe -d E:/UniServerZ/core/apache2 -f E:\\UniServerZ\\core\\apache2\\conf\\httpd.conf -d E:\\UniServerZ\\core\\apache2'
[Fri May 24 13:23:41.327728 2019] [mpm_winnt:notice] [pid 14472:tid 608] AH00418: Parent: Created child process 10008
[Fri May 24 13:23:42.476082 2019] [mpm_winnt:notice] [pid 10008:tid 748] AH00354: Child: Starting 150 worker threads.
[Fri May 24 19:36:55.396905 2019] [core:warn] [pid 3560:tid 152] AH00098: pid file E:/UniServerZ/core/apache2/logs/httpd.pid overwritten -- Unclean shutdown of previous Apache run?
[Fri May 24 19:36:55.537305 2019] [mpm_winnt:notice] [pid 3560:tid 152] AH00455: Apache/2.4.25 (Win32) PHP/7.1.1 configured -- resuming normal operations
[Fri May 24 19:36:55.537305 2019] [mpm_winnt:notice] [pid 3560:tid 152] AH00456: Apache Lounge VC14 Server built: Dec 17 2016 10:42:52
[Fri May 24 19:36:55.537305 2019] [core:notice] [pid 3560:tid 152] AH00094: Command line: 'E:\\UniServerZ\\core\\apache2\\bin\\httpd_z.exe -d E:/UniServerZ/core/apache2 -f E:\\UniServerZ\\core\\apache2\\conf\\httpd.conf -d E:\\UniServerZ\\core\\apache2'
[Fri May 24 19:36:55.537305 2019] [mpm_winnt:notice] [pid 3560:tid 152] AH00418: Parent: Created child process 5716
[Fri May 24 19:36:55.804505 2019] [mpm_winnt:notice] [pid 5716:tid 268] AH00354: Child: Starting 150 worker threads.
[Sat May 25 13:38:23.565437 2019] [core:warn] [pid 7696:tid 668] AH00098: pid file E:/UniServerZ/core/apache2/logs/httpd.pid overwritten -- Unclean shutdown of previous Apache run?
[Sat May 25 13:38:23.880619 2019] [mpm_winnt:notice] [pid 7696:tid 668] AH00455: Apache/2.4.25 (Win32) PHP/7.1.1 configured -- resuming normal operations
[Sat May 25 13:38:23.880619 2019] [mpm_winnt:notice] [pid 7696:tid 668] AH00456: Apache Lounge VC14 Server built: Dec 17 2016 10:42:52
[Sat May 25 13:38:23.880619 2019] [core:notice] [pid 7696:tid 668] AH00094: Command line: 'E:\\UniServerZ\\core\\apache2\\bin\\httpd_z.exe -d E:/UniServerZ/core/apache2 -f E:\\UniServerZ\\core\\apache2\\conf\\httpd.conf -d E:\\UniServerZ\\core\\apache2'
[Sat May 25 13:38:23.885610 2019] [mpm_winnt:notice] [pid 7696:tid 668] AH00418: Parent: Created child process 17936
[Sat May 25 13:38:25.910847 2019] [mpm_winnt:notice] [pid 17936:tid 588] AH00354: Child: Starting 150 worker threads.
[Sat May 25 15:36:30.926822 2019] [core:warn] [pid 8812:tid 668] AH00098: pid file E:/UniServerZ/core/apache2/logs/httpd.pid overwritten -- Unclean shutdown of previous Apache run?
[Sat May 25 15:36:30.951510 2019] [mpm_winnt:notice] [pid 8812:tid 668] AH00455: Apache/2.4.25 (Win32) PHP/7.1.1 configured -- resuming normal operations
[Sat May 25 15:36:30.951510 2019] [mpm_winnt:notice] [pid 8812:tid 668] AH00456: Apache Lounge VC14 Server built: Dec 17 2016 10:42:52
[Sat May 25 15:36:30.951510 2019] [core:notice] [pid 8812:tid 668] AH00094: Command line: 'E:\\UniServerZ\\core\\apache2\\bin\\httpd_z.exe -d E:/UniServerZ/core/apache2 -f E:\\UniServerZ\\core\\apache2\\conf\\httpd.conf -d E:\\UniServerZ\\core\\apache2'
[Sat May 25 15:36:30.954485 2019] [mpm_winnt:notice] [pid 8812:tid 668] AH00418: Parent: Created child process 17356
[Sat May 25 15:36:32.168975 2019] [mpm_winnt:notice] [pid 17356:tid 716] AH00354: Child: Starting 150 worker threads.
[Mon Jun 03 18:48:07.711905 2019] [core:warn] [pid 5820:tid 644] AH00098: pid file F:/UniServerZ/core/apache2/logs/httpd.pid overwritten -- Unclean shutdown of previous Apache run?
[Mon Jun 03 18:48:08.008801 2019] [mpm_winnt:notice] [pid 5820:tid 644] AH00455: Apache/2.4.25 (Win32) PHP/7.1.1 configured -- resuming normal operations
[Mon Jun 03 18:48:08.008801 2019] [mpm_winnt:notice] [pid 5820:tid 644] AH00456: Apache Lounge VC14 Server built: Dec 17 2016 10:42:52
[Mon Jun 03 18:48:08.008801 2019] [core:notice] [pid 5820:tid 644] AH00094: Command line: 'F:\\UniServerZ\\core\\apache2\\bin\\httpd_z.exe -d F:/UniServerZ/core/apache2 -f F:\\UniServerZ\\core\\apache2\\conf\\httpd.conf -d F:\\UniServerZ\\core\\apache2'
[Mon Jun 03 18:48:08.011782 2019] [mpm_winnt:notice] [pid 5820:tid 644] AH00418: Parent: Created child process 18252
[Mon Jun 03 18:48:09.772225 2019] [mpm_winnt:notice] [pid 18252:tid 696] AH00354: Child: Starting 150 worker threads.
[Wed Jun 05 20:08:33.362313 2019] [core:warn] [pid 10504:tid 644] AH00098: pid file F:/UniServerZ/core/apache2/logs/httpd.pid overwritten -- Unclean shutdown of previous Apache run?
[Wed Jun 05 20:08:33.565988 2019] [mpm_winnt:notice] [pid 10504:tid 644] AH00455: Apache/2.4.25 (Win32) PHP/7.1.1 configured -- resuming normal operations
[Wed Jun 05 20:08:33.565988 2019] [mpm_winnt:notice] [pid 10504:tid 644] AH00456: Apache Lounge VC14 Server built: Dec 17 2016 10:42:52
[Wed Jun 05 20:08:33.565988 2019] [core:notice] [pid 10504:tid 644] AH00094: Command line: 'F:\\UniServerZ\\core\\apache2\\bin\\httpd_z.exe -d F:/UniServerZ/core/apache2 -f F:\\UniServerZ\\core\\apache2\\conf\\httpd.conf -d F:\\UniServerZ\\core\\apache2'
[Wed Jun 05 20:08:33.570934 2019] [mpm_winnt:notice] [pid 10504:tid 644] AH00418: Parent: Created child process 9676
[Wed Jun 05 20:08:34.634456 2019] [mpm_winnt:notice] [pid 9676:tid 788] AH00354: Child: Starting 150 worker threads.
[Thu Jun 06 09:50:50.803516 2019] [core:warn] [pid 12260:tid 656] AH00098: pid file F:/UniServerZ/core/apache2/logs/httpd.pid overwritten -- Unclean shutdown of previous Apache run?
[Thu Jun 06 09:50:51.008635 2019] [mpm_winnt:notice] [pid 12260:tid 656] AH00455: Apache/2.4.25 (Win32) PHP/7.1.1 configured -- resuming normal operations
[Thu Jun 06 09:50:51.008635 2019] [mpm_winnt:notice] [pid 12260:tid 656] AH00456: Apache Lounge VC14 Server built: Dec 17 2016 10:42:52
[Thu Jun 06 09:50:51.009134 2019] [core:notice] [pid 12260:tid 656] AH00094: Command line: 'F:\\UniServerZ\\core\\apache2\\bin\\httpd_z.exe -d F:/UniServerZ/core/apache2 -f F:\\UniServerZ\\core\\apache2\\conf\\httpd.conf -d F:\\UniServerZ\\core\\apache2'
[Thu Jun 06 09:50:51.014623 2019] [mpm_winnt:notice] [pid 12260:tid 656] AH00418: Parent: Created child process 15808
[Thu Jun 06 09:50:52.474410 2019] [mpm_winnt:notice] [pid 15808:tid 648] AH00354: Child: Starting 150 worker threads.
[Sun Jun 09 13:08:38.683339 2019] [core:warn] [pid 10904:tid 628] AH00098: pid file F:/UniServerZ/core/apache2/logs/httpd.pid overwritten -- Unclean shutdown of previous Apache run?
[Sun Jun 09 13:08:38.892994 2019] [mpm_winnt:notice] [pid 10904:tid 628] AH00455: Apache/2.4.25 (Win32) PHP/7.1.1 configured -- resuming normal operations
[Sun Jun 09 13:08:38.892994 2019] [mpm_winnt:notice] [pid 10904:tid 628] AH00456: Apache Lounge VC14 Server built: Dec 17 2016 10:42:52
[Sun Jun 09 13:08:38.892994 2019] [core:notice] [pid 10904:tid 628] AH00094: Command line: 'F:\\UniServerZ\\core\\apache2\\bin\\httpd_z.exe -d F:/UniServerZ/core/apache2 -f F:\\UniServerZ\\core\\apache2\\conf\\httpd.conf -d F:\\UniServerZ\\core\\apache2'
[Sun Jun 09 13:08:38.895989 2019] [mpm_winnt:notice] [pid 10904:tid 628] AH00418: Parent: Created child process 6108
[Sun Jun 09 13:08:40.025367 2019] [mpm_winnt:notice] [pid 6108:tid 644] AH00354: Child: Starting 150 worker threads.
[Tue Jun 11 17:36:56.867807 2019] [core:warn] [pid 2676:tid 156] AH00098: pid file F:/UniServerZ/core/apache2/logs/httpd.pid overwritten -- Unclean shutdown of previous Apache run?
[Tue Jun 11 17:36:56.972807 2019] [mpm_winnt:notice] [pid 2676:tid 156] AH00455: Apache/2.4.25 (Win32) PHP/7.1.1 configured -- resuming normal operations
[Tue Jun 11 17:36:56.972807 2019] [mpm_winnt:notice] [pid 2676:tid 156] AH00456: Apache Lounge VC14 Server built: Dec 17 2016 10:42:52
[Tue Jun 11 17:36:56.972807 2019] [core:notice] [pid 2676:tid 156] AH00094: Command line: 'F:\\UniServerZ\\core\\apache2\\bin\\httpd_z.exe -d F:/UniServerZ/core/apache2 -f F:\\UniServerZ\\core\\apache2\\conf\\httpd.conf -d F:\\UniServerZ\\core\\apache2'
[Tue Jun 11 17:36:56.972807 2019] [mpm_winnt:notice] [pid 2676:tid 156] AH00418: Parent: Created child process 4864
[Tue Jun 11 17:36:57.193807 2019] [mpm_winnt:notice] [pid 4864:tid 272] AH00354: Child: Starting 150 worker threads.
[Tue Jun 11 17:38:07.002807 2019] [core:warn] [pid 4972:tid 156] AH00098: pid file F:/UniServerZ/core/apache2/logs/httpd.pid overwritten -- Unclean shutdown of previous Apache run?
[Tue Jun 11 17:38:07.012807 2019] [mpm_winnt:notice] [pid 4972:tid 156] AH00455: Apache/2.4.25 (Win32) PHP/7.1.1 configured -- resuming normal operations
[Tue Jun 11 17:38:07.012807 2019] [mpm_winnt:notice] [pid 4972:tid 156] AH00456: Apache Lounge VC14 Server built: Dec 17 2016 10:42:52
[Tue Jun 11 17:38:07.012807 2019] [core:notice] [pid 4972:tid 156] AH00094: Command line: 'F:\\UniServerZ\\core\\apache2\\bin\\httpd_z.exe -d F:/UniServerZ/core/apache2 -f F:\\UniServerZ\\core\\apache2\\conf\\httpd.conf -d F:\\UniServerZ\\core\\apache2'
[Tue Jun 11 17:38:07.012807 2019] [mpm_winnt:notice] [pid 4972:tid 156] AH00418: Parent: Created child process 3612
[Tue Jun 11 17:38:07.224807 2019] [mpm_winnt:notice] [pid 3612:tid 272] AH00354: Child: Starting 150 worker threads.
[Thu Jun 13 17:14:04.153494 2019] [core:warn] [pid 508:tid 556] AH00098: pid file C:/Users/MIS801/Desktop/UniServerZ/core/apache2/logs/httpd.pid overwritten -- Unclean shutdown of previous Apache run?
[Thu Jun 13 17:14:04.172424 2019] [mpm_winnt:notice] [pid 508:tid 556] AH00455: Apache/2.4.25 (Win32) PHP/7.1.1 configured -- resuming normal operations
[Thu Jun 13 17:14:04.172424 2019] [mpm_winnt:notice] [pid 508:tid 556] AH00456: Apache Lounge VC14 Server built: Dec 17 2016 10:42:52
[Thu Jun 13 17:14:04.172424 2019] [core:notice] [pid 508:tid 556] AH00094: Command line: 'C:\\Users\\MIS801\\Desktop\\UniServerZ\\core\\apache2\\bin\\httpd_z.exe -d C:/Users/MIS801/Desktop/UniServerZ/core/apache2 -f C:\\Users\\MIS801\\Desktop\\UniServerZ\\core\\apache2\\conf\\httpd.conf -d C:\\Users\\MIS801\\Desktop\\UniServerZ\\core\\apache2'
[Thu Jun 13 17:14:04.173445 2019] [mpm_winnt:notice] [pid 508:tid 556] AH00418: Parent: Created child process 9756
[Thu Jun 13 17:14:04.565832 2019] [mpm_winnt:notice] [pid 9756:tid 624] AH00354: Child: Starting 150 worker threads.
